#-----------------------------------------------------------
# Vivado v2018.3 (64-bit)
# SW Build 2405991 on Thu Dec  6 23:38:27 MST 2018
# IP Build 2404404 on Fri Dec  7 01:43:56 MST 2018
# Start of session at: Sat Feb  9 17:45:48 2019
# Process ID: 14192
# Current directory: C:/Users/kamra/Downloads/ENES247-master/ENES247-master/lab1-mux/lab1_2_tb_mux2-1-2bitwide
# Command line: vivado.exe -gui_launcher_event rodinguilauncherevent3428 C:\Users\kamra\Downloads\ENES247-master\ENES247-master\lab1-mux\lab1_2_tb_mux2-1-2bitwide\lab1_2_tb_mux2-1-2bitwide.xpr
# Log file: C:/Users/kamra/Downloads/ENES247-master/ENES247-master/lab1-mux/lab1_2_tb_mux2-1-2bitwide/vivado.log
# Journal file: C:/Users/kamra/Downloads/ENES247-master/ENES247-master/lab1-mux/lab1_2_tb_mux2-1-2bitwide\vivado.jou
#-----------------------------------------------------------
start_gui
open_project C:/Users/kamra/Downloads/ENES247-master/ENES247-master/lab1-mux/lab1_2_tb_mux2-1-2bitwide/lab1_2_tb_mux2-1-2bitwide.xpr
INFO: [ProjectBase 1-489] The host OS only allows 260 characters in a normal path. The project is stored in a path with more than 80 characters. If you experience issues with IP, Block Designs, or files not being found, please consider moving the project to a location with a shorter path. Alternately consider using the OS subst command to map part of the path to a drive letter.
Current project path is 'C:/Users/kamra/Downloads/ENES247-master/ENES247-master/lab1-mux/lab1_2_tb_mux2-1-2bitwide'
INFO: [Project 1-313] Project file moved from 'C:/Users/SET253-11U/Documents/GitHub/ENES247/lab1-mux/lab1_2_tb_mux2-1-2bitwide' since last save.
Scanning sources...
Finished scanning sources
CRITICAL WARNING: [Board 49-67] The board_part definition was not found for digilentinc.com:nexys4_ddr:part0:1.1. This can happen sometimes when you use custom board part. You can resolve this issue by setting 'board.repoPaths' parameter, pointing to the location of custom board files. Valid board_part values can be retrieved with the 'get_board_parts' Tcl command.
INFO: [IP_Flow 19-234] Refreshing IP repositories
INFO: [IP_Flow 19-1704] No user IP repositories specified
INFO: [IP_Flow 19-2313] Loaded Vivado IP repository 'D:/VivadoXilinx/Vivado/2018.3/data/ip'.
update_compile_order -fileset sources_1
launch_runs synth_1 -jobs 12
[Sat Feb  9 17:46:17 2019] Launched synth_1...
Run output will be captured here: C:/Users/kamra/Downloads/ENES247-master/ENES247-master/lab1-mux/lab1_2_tb_mux2-1-2bitwide/lab1_2_tb_mux2-1-2bitwide.runs/synth_1/runme.log
launch_runs impl_1 -jobs 12
[Sat Feb  9 17:47:05 2019] Launched impl_1...
Run output will be captured here: C:/Users/kamra/Downloads/ENES247-master/ENES247-master/lab1-mux/lab1_2_tb_mux2-1-2bitwide/lab1_2_tb_mux2-1-2bitwide.runs/impl_1/runme.log
