#-----------------------------------------------------------
# Vivado v2018.3 (64-bit)
# SW Build 2405991 on Thu Dec  6 23:38:27 MST 2018
# IP Build 2404404 on Fri Dec  7 01:43:56 MST 2018
# Start of session at: Thu Mar 14 14:04:42 2019
# Process ID: 9228
# Current directory: C:/Users/SET253-14U.HCCMAIN/Documents/GitHub/ENES247Kamran/lab4-PriorityEncoders_ROM/3PriorityEncoder
# Command line: vivado.exe -gui_launcher_event rodinguilauncherevent7880 C:\Users\SET253-14U.HCCMAIN\Documents\GitHub\ENES247Kamran\lab4-PriorityEncoders_ROM\3PriorityEncoder\3PriorityEncoder.xpr
# Log file: C:/Users/SET253-14U.HCCMAIN/Documents/GitHub/ENES247Kamran/lab4-PriorityEncoders_ROM/3PriorityEncoder/vivado.log
# Journal file: C:/Users/SET253-14U.HCCMAIN/Documents/GitHub/ENES247Kamran/lab4-PriorityEncoders_ROM/3PriorityEncoder\vivado.jou
#-----------------------------------------------------------
start_gui
open_project C:/Users/SET253-14U.HCCMAIN/Documents/GitHub/ENES247Kamran/lab4-PriorityEncoders_ROM/3PriorityEncoder/3PriorityEncoder.xpr
INFO: [ProjectBase 1-489] The host OS only allows 260 characters in a normal path. The project is stored in a path with more than 80 characters. If you experience issues with IP, Block Designs, or files not being found, please consider moving the project to a location with a shorter path. Alternately consider using the OS subst command to map part of the path to a drive letter.
Current project path is 'C:/Users/SET253-14U.HCCMAIN/Documents/GitHub/ENES247Kamran/lab4-PriorityEncoders_ROM/3PriorityEncoder'
INFO: [Project 1-313] Project file moved from 'C:/Users/SET253-17U.HCCMAIN/Documents/GitHub/ENES247/lab4-PriorityEncoders_ROM/3PriorityEncoder/RTL_Data_Flow' since last save.
Scanning sources...
Finished scanning sources
INFO: [IP_Flow 19-234] Refreshing IP repositories
INFO: [IP_Flow 19-1704] No user IP repositories specified
INFO: [IP_Flow 19-2313] Loaded Vivado IP repository 'C:/Xilinx/Vivado/2018.3/data/ip'.
open_project: Time (s): cpu = 00:00:18 ; elapsed = 00:00:09 . Memory (MB): peak = 720.270 ; gain = 148.945
update_compile_order -fileset sources_1
open_run impl_1
INFO: [Project 1-479] Netlist was created with Vivado 2018.3
INFO: [Device 21-403] Loading part xc7a100tcsg324-1
INFO: [Project 1-570] Preparing netlist for logic optimization
INFO: [Timing 38-478] Restoring timing data from binary archive.
INFO: [Timing 38-479] Binary timing data restore complete.
INFO: [Project 1-856] Restoring constraints from binary archive.
INFO: [Project 1-853] Binary constraint restore complete.
Reading XDEF placement.
Reading placer database...
Reading XDEF routing.
Read XDEF File: Time (s): cpu = 00:00:00 ; elapsed = 00:00:00.043 . Memory (MB): peak = 1576.938 ; gain = 0.000
Restored from archive | CPU: 0.000000 secs | Memory: 0.000000 MB |
Finished XDEF File Restore: Time (s): cpu = 00:00:00 ; elapsed = 00:00:00.043 . Memory (MB): peak = 1576.938 ; gain = 0.000
Netlist sorting complete. Time (s): cpu = 00:00:00 ; elapsed = 00:00:00 . Memory (MB): peak = 1576.938 ; gain = 0.000
INFO: [Project 1-111] Unisim Transformation Summary:
No Unisim elements were transformed.

open_run: Time (s): cpu = 00:00:24 ; elapsed = 00:00:19 . Memory (MB): peak = 1684.039 ; gain = 864.184
WARNING: [Timing 38-313] There are no user specified timing constraints. Timing constraints are needed for proper timing analysis.
exit
INFO: [Common 17-206] Exiting Vivado at Thu Mar 14 14:47:50 2019...
