#-----------------------------------------------------------
# Vivado v2018.3 (64-bit)
# SW Build 2405991 on Thu Dec  6 23:38:27 MST 2018
# IP Build 2404404 on Fri Dec  7 01:43:56 MST 2018
# Start of session at: Thu May  2 15:42:13 2019
# Process ID: 4380
# Current directory: C:/Users/SET253-07U.HCCMAIN/Documents/GitHub/ENES247Kamran/lab7-Behavioral-Modeling/lab7_1_5/Counter/Counter.sim/sim_1/behav/xsim
# Command line: vivado.exe -gui_launcher_event rodinguilauncherevent7988 C:\Users\SET253-07U.HCCMAIN\Documents\GitHub\ENES247Kamran\lab7-Behavioral-Modeling\lab7_1_5\Counter\Counter.sim\sim_1\behav\xsim\specific_counter_case_tb_behav.wdb
# Log file: C:/Users/SET253-07U.HCCMAIN/Documents/GitHub/ENES247Kamran/lab7-Behavioral-Modeling/lab7_1_5/Counter/Counter.sim/sim_1/behav/xsim/vivado.log
# Journal file: C:/Users/SET253-07U.HCCMAIN/Documents/GitHub/ENES247Kamran/lab7-Behavioral-Modeling/lab7_1_5/Counter/Counter.sim/sim_1/behav/xsim\vivado.jou
#-----------------------------------------------------------
start_gui
open_wave_database {C:\Users\SET253-07U.HCCMAIN\Documents\GitHub\ENES247Kamran\lab7-Behavioral-Modeling\lab7_1_5\Counter\Counter.sim\sim_1\behav\xsim\specific_counter_case_tb_behav.wdb}
INFO: [IP_Flow 19-234] Refreshing IP repositories
INFO: [IP_Flow 19-1704] No user IP repositories specified
INFO: [IP_Flow 19-2313] Loaded Vivado IP repository 'C:/Xilinx/Vivado/2018.3/data/ip'.
open_wave_database: Time (s): cpu = 00:00:11 ; elapsed = 00:00:05 . Memory (MB): peak = 702.488 ; gain = 113.703
close_sim
INFO: [Simtcl 6-16] Simulation closed
exit
INFO: [Common 17-206] Exiting Vivado at Thu May  2 15:42:42 2019...
