#-----------------------------------------------------------
# Vivado v2018.3 (64-bit)
# SW Build 2405991 on Thu Dec  6 23:38:27 MST 2018
# IP Build 2404404 on Fri Dec  7 01:43:56 MST 2018
# Start of session at: Thu Mar 21 14:09:00 2019
# Process ID: 972
# Current directory: C:/Users/SET253-09U.HCCMAIN/Documents/GitHub/ENES247Kamran/lab5-Latches_FlipFlops/lab5_1_2/SRGatedLatch
# Command line: vivado.exe -gui_launcher_event rodinguilauncherevent8620 C:\Users\SET253-09U.HCCMAIN\Documents\GitHub\ENES247Kamran\lab5-Latches_FlipFlops\lab5_1_2\SRGatedLatch\SRGatedLatch.xpr
# Log file: C:/Users/SET253-09U.HCCMAIN/Documents/GitHub/ENES247Kamran/lab5-Latches_FlipFlops/lab5_1_2/SRGatedLatch/vivado.log
# Journal file: C:/Users/SET253-09U.HCCMAIN/Documents/GitHub/ENES247Kamran/lab5-Latches_FlipFlops/lab5_1_2/SRGatedLatch\vivado.jou
#-----------------------------------------------------------
start_gui
open_project C:/Users/SET253-09U.HCCMAIN/Documents/GitHub/ENES247Kamran/lab5-Latches_FlipFlops/lab5_1_2/SRGatedLatch/SRGatedLatch.xpr
INFO: [ProjectBase 1-489] The host OS only allows 260 characters in a normal path. The project is stored in a path with more than 80 characters. If you experience issues with IP, Block Designs, or files not being found, please consider moving the project to a location with a shorter path. Alternately consider using the OS subst command to map part of the path to a drive letter.
Current project path is 'C:/Users/SET253-09U.HCCMAIN/Documents/GitHub/ENES247Kamran/lab5-Latches_FlipFlops/lab5_1_2/SRGatedLatch'
INFO: [Project 1-313] Project file moved from 'C:/Users/kamra/OneDrive/Documents/GitHub/ENES247Kamran/lab5-Latches_FlipFlops/lab5_1_2/SRGatedLatch' since last save.
Scanning sources...
Finished scanning sources
WARNING: [filemgmt 56-2] IPUserFilesDir: Could not find the directory 'C:/Users/SET253-09U.HCCMAIN/Documents/GitHub/ENES247Kamran/lab5-Latches_FlipFlops/lab5_1_2/SRGatedLatch/SRGatedLatch.ip_user_files', nor could it be found using path 'C:/Users/kamra/OneDrive/Documents/GitHub/ENES247Kamran/lab5-Latches_FlipFlops/lab5_1_2/SRGatedLatch/SRGatedLatch.ip_user_files'.
INFO: [IP_Flow 19-234] Refreshing IP repositories
INFO: [IP_Flow 19-1704] No user IP repositories specified
INFO: [IP_Flow 19-2313] Loaded Vivado IP repository 'C:/Xilinx/Vivado/2018.3/data/ip'.
open_project: Time (s): cpu = 00:00:17 ; elapsed = 00:00:10 . Memory (MB): peak = 713.223 ; gain = 147.836
update_compile_order -fileset sources_1
reset_run synth_1
launch_runs synth_1 -jobs 4
[Thu Mar 21 14:09:59 2019] Launched synth_1...
Run output will be captured here: C:/Users/SET253-09U.HCCMAIN/Documents/GitHub/ENES247Kamran/lab5-Latches_FlipFlops/lab5_1_2/SRGatedLatch/SRGatedLatch.runs/synth_1/runme.log
launch_runs impl_1 -jobs 4
[Thu Mar 21 14:12:50 2019] Launched impl_1...
Run output will be captured here: C:/Users/SET253-09U.HCCMAIN/Documents/GitHub/ENES247Kamran/lab5-Latches_FlipFlops/lab5_1_2/SRGatedLatch/SRGatedLatch.runs/impl_1/runme.log
launch_runs impl_1 -to_step write_bitstream -jobs 4
[Thu Mar 21 14:14:17 2019] Launched impl_1...
Run output will be captured here: C:/Users/SET253-09U.HCCMAIN/Documents/GitHub/ENES247Kamran/lab5-Latches_FlipFlops/lab5_1_2/SRGatedLatch/SRGatedLatch.runs/impl_1/runme.log
open_hw
connect_hw_server
INFO: [Labtools 27-2285] Connecting to hw_server url TCP:localhost:3121
INFO: [Labtools 27-2222] Launching hw_server...
INFO: [Labtools 27-2221] Launch Output:

****** Xilinx hw_server v2018.3
  **** Build date : Dec  7 2018-00:40:27
    ** Copyright 1986-2018 Xilinx, Inc. All Rights Reserved.


open_hw_target
INFO: [Labtoolstcl 44-466] Opening hw_target localhost:3121/xilinx_tcf/Digilent/210292A6EBD5A
set_property PROGRAM.FILE {C:/Users/SET253-09U.HCCMAIN/Documents/GitHub/ENES247Kamran/lab5-Latches_FlipFlops/lab5_1_2/SRGatedLatch/SRGatedLatch.runs/impl_1/SR_gated_latch_dataflow.bit} [get_hw_devices xc7a100t_0]
current_hw_device [get_hw_devices xc7a100t_0]
refresh_hw_device -update_hw_probes false [lindex [get_hw_devices xc7a100t_0] 0]
INFO: [Labtools 27-1434] Device xc7a100t (JTAG device index = 0) is programmed with a design that has no supported debug core(s) in it.
set_property PROBES.FILE {} [get_hw_devices xc7a100t_0]
set_property FULL_PROBES.FILE {} [get_hw_devices xc7a100t_0]
set_property PROGRAM.FILE {C:/Users/SET253-09U.HCCMAIN/Documents/GitHub/ENES247Kamran/lab5-Latches_FlipFlops/lab5_1_2/SRGatedLatch/SRGatedLatch.runs/impl_1/SR_gated_latch_dataflow.bit} [get_hw_devices xc7a100t_0]
program_hw_devices [get_hw_devices xc7a100t_0]
INFO: [Labtools 27-3164] End of startup status: HIGH
refresh_hw_device [lindex [get_hw_devices xc7a100t_0] 0]
INFO: [Labtools 27-1434] Device xc7a100t (JTAG device index = 0) is programmed with a design that has no supported debug core(s) in it.
launch_simulation
INFO: [Vivado 12-5682] Launching behavioral simulation in 'C:/Users/SET253-09U.HCCMAIN/Documents/GitHub/ENES247Kamran/lab5-Latches_FlipFlops/lab5_1_2/SRGatedLatch/SRGatedLatch.sim/sim_1/behav/xsim'
INFO: [SIM-utils-51] Simulation object is 'sim_1'
INFO: [SIM-utils-54] Inspecting design source files for 'SR_gated_latch_dataflow_tb' in fileset 'sim_1'...
INFO: [USF-XSim-97] Finding global include files...
INFO: [USF-XSim-98] Fetching design files from 'sim_1'...
INFO: [USF-XSim-2] XSim::Compile design
INFO: [USF-XSim-61] Executing 'COMPILE and ANALYZE' step in 'C:/Users/SET253-09U.HCCMAIN/Documents/GitHub/ENES247Kamran/lab5-Latches_FlipFlops/lab5_1_2/SRGatedLatch/SRGatedLatch.sim/sim_1/behav/xsim'
"xvlog --incr --relax -prj SR_gated_latch_dataflow_tb_vlog.prj"
INFO: [VRFC 10-2263] Analyzing Verilog file "C:/Users/SET253-09U.HCCMAIN/Documents/GitHub/ENES247Kamran/lab5-Latches_FlipFlops/lab5_1_2/SR_gated_latch_dataflow.v" into library xil_defaultlib
INFO: [VRFC 10-311] analyzing module SR_gated_latch_dataflow
INFO: [VRFC 10-2458] undeclared symbol R_i, assumed default net type wire [C:/Users/SET253-09U.HCCMAIN/Documents/GitHub/ENES247Kamran/lab5-Latches_FlipFlops/lab5_1_2/SR_gated_latch_dataflow.v:14]
INFO: [VRFC 10-2458] undeclared symbol S_i, assumed default net type wire [C:/Users/SET253-09U.HCCMAIN/Documents/GitHub/ENES247Kamran/lab5-Latches_FlipFlops/lab5_1_2/SR_gated_latch_dataflow.v:15]
INFO: [VRFC 10-2458] undeclared symbol Q_i, assumed default net type wire [C:/Users/SET253-09U.HCCMAIN/Documents/GitHub/ENES247Kamran/lab5-Latches_FlipFlops/lab5_1_2/SR_gated_latch_dataflow.v:16]
INFO: [VRFC 10-2458] undeclared symbol Qbar_i, assumed default net type wire [C:/Users/SET253-09U.HCCMAIN/Documents/GitHub/ENES247Kamran/lab5-Latches_FlipFlops/lab5_1_2/SR_gated_latch_dataflow.v:17]
INFO: [VRFC 10-2263] Analyzing Verilog file "C:/Users/SET253-09U.HCCMAIN/Documents/GitHub/ENES247Kamran/lab5-Latches_FlipFlops/lab5_1_2/SR_gated_latch_dataflow_tb.v" into library xil_defaultlib
INFO: [VRFC 10-311] analyzing module SR_gated_latch_dataflow_tb
INFO: [VRFC 10-2263] Analyzing Verilog file "C:/Users/SET253-09U.HCCMAIN/Documents/GitHub/ENES247Kamran/lab5-Latches_FlipFlops/lab5_1_2/SRGatedLatch/SRGatedLatch.sim/sim_1/behav/xsim/glbl.v" into library xil_defaultlib
INFO: [VRFC 10-311] analyzing module glbl
INFO: [USF-XSim-69] 'compile' step finished in '2' seconds
INFO: [USF-XSim-3] XSim::Elaborate design
INFO: [USF-XSim-61] Executing 'ELABORATE' step in 'C:/Users/SET253-09U.HCCMAIN/Documents/GitHub/ENES247Kamran/lab5-Latches_FlipFlops/lab5_1_2/SRGatedLatch/SRGatedLatch.sim/sim_1/behav/xsim'
Vivado Simulator 2018.3
Copyright 1986-1999, 2001-2018 Xilinx, Inc. All Rights Reserved.
Running: C:/Xilinx/Vivado/2018.3/bin/unwrapped/win64.o/xelab.exe -wto 53b3592426934f2e95f51041e18e60df --incr --debug typical --relax --mt 2 -L xil_defaultlib -L unisims_ver -L unimacro_ver -L secureip --snapshot SR_gated_latch_dataflow_tb_behav xil_defaultlib.SR_gated_latch_dataflow_tb xil_defaultlib.glbl -log elaborate.log 
Using 2 slave threads.
Starting static elaboration
Completed static elaboration
Starting simulation data flow analysis
Completed simulation data flow analysis
Time Resolution for simulation is 1ps
Compiling module xil_defaultlib.SR_gated_latch_dataflow
Compiling module xil_defaultlib.SR_gated_latch_dataflow_tb
Compiling module xil_defaultlib.glbl
Built simulation snapshot SR_gated_latch_dataflow_tb_behav

****** Webtalk v2018.3 (64-bit)
  **** SW Build 2405991 on Thu Dec  6 23:38:27 MST 2018
  **** IP Build 2404404 on Fri Dec  7 01:43:56 MST 2018
    ** Copyright 1986-2018 Xilinx, Inc. All Rights Reserved.

source C:/Users/SET253-09U.HCCMAIN/Documents/GitHub/ENES247Kamran/lab5-Latches_FlipFlops/lab5_1_2/SRGatedLatch/SRGatedLatch.sim/sim_1/behav/xsim/xsim.dir/SR_gated_latch_dataflow_tb_behav/webtalk/xsim_webtalk.tcl -notrace
INFO: [Common 17-206] Exiting Webtalk at Thu Mar 21 14:41:04 2019...
INFO: [USF-XSim-69] 'elaborate' step finished in '4' seconds
INFO: [USF-XSim-4] XSim::Simulate design
INFO: [USF-XSim-61] Executing 'SIMULATE' step in 'C:/Users/SET253-09U.HCCMAIN/Documents/GitHub/ENES247Kamran/lab5-Latches_FlipFlops/lab5_1_2/SRGatedLatch/SRGatedLatch.sim/sim_1/behav/xsim'
INFO: [USF-XSim-98] *** Running xsim
   with args "SR_gated_latch_dataflow_tb_behav -key {Behavioral:sim_1:Functional:SR_gated_latch_dataflow_tb} -tclbatch {SR_gated_latch_dataflow_tb.tcl} -log {simulate.log}"
INFO: [USF-XSim-8] Loading simulator feature
Vivado Simulator 2018.3
Time resolution is 1 ps
source SR_gated_latch_dataflow_tb.tcl
# set curr_wave [current_wave_config]
# if { [string length $curr_wave] == 0 } {
#   if { [llength [get_objects]] > 0} {
#     add_wave /
#     set_property needs_save false [current_wave_config]
#   } else {
#      send_msg_id Add_Wave-1 WARNING "No top level signals found. Simulator will start without a wave window. If you want to open a wave window go to 'File->New Waveform Configuration' or type 'create_wave_config' in the TCL console."
#   }
# }
# run 1000ns
INFO: [USF-XSim-96] XSim completed. Design snapshot 'SR_gated_latch_dataflow_tb_behav' loaded.
INFO: [USF-XSim-97] XSim simulation ran for 1000ns
launch_simulation: Time (s): cpu = 00:00:06 ; elapsed = 00:00:10 . Memory (MB): peak = 1749.484 ; gain = 18.875
