#-----------------------------------------------------------
# Vivado v2018.3 (64-bit)
# SW Build 2405991 on Thu Dec  6 23:38:27 MST 2018
# IP Build 2404404 on Fri Dec  7 01:43:56 MST 2018
# Start of session at: Thu Mar 21 14:43:26 2019
# Process ID: 7892
# Current directory: C:/Users/SET253-09U.HCCMAIN/Documents/GitHub/ENES247Kamran/lab5-Latches_FlipFlops/lab5_1_1/Lab5_101
# Command line: vivado.exe -gui_launcher_event rodinguilauncherevent12152 C:\Users\SET253-09U.HCCMAIN\Documents\GitHub\ENES247Kamran\lab5-Latches_FlipFlops\lab5_1_1\Lab5_101\Lab5_101.xpr
# Log file: C:/Users/SET253-09U.HCCMAIN/Documents/GitHub/ENES247Kamran/lab5-Latches_FlipFlops/lab5_1_1/Lab5_101/vivado.log
# Journal file: C:/Users/SET253-09U.HCCMAIN/Documents/GitHub/ENES247Kamran/lab5-Latches_FlipFlops/lab5_1_1/Lab5_101\vivado.jou
#-----------------------------------------------------------
start_gui
open_project C:/Users/SET253-09U.HCCMAIN/Documents/GitHub/ENES247Kamran/lab5-Latches_FlipFlops/lab5_1_1/Lab5_101/Lab5_101.xpr
INFO: [ProjectBase 1-489] The host OS only allows 260 characters in a normal path. The project is stored in a path with more than 80 characters. If you experience issues with IP, Block Designs, or files not being found, please consider moving the project to a location with a shorter path. Alternately consider using the OS subst command to map part of the path to a drive letter.
Current project path is 'C:/Users/SET253-09U.HCCMAIN/Documents/GitHub/ENES247Kamran/lab5-Latches_FlipFlops/lab5_1_1/Lab5_101'
INFO: [Project 1-313] Project file moved from 'C:/Users/SET253-14U.HCCMAIN/Documents/GitHub/ENES247Kamran/lab5-Latches_FlipFlops/lab5_1_1/Lab5_101' since last save.
Scanning sources...
Finished scanning sources
INFO: [IP_Flow 19-234] Refreshing IP repositories
INFO: [IP_Flow 19-1704] No user IP repositories specified
INFO: [IP_Flow 19-2313] Loaded Vivado IP repository 'C:/Xilinx/Vivado/2018.3/data/ip'.
open_project: Time (s): cpu = 00:00:14 ; elapsed = 00:00:07 . Memory (MB): peak = 754.063 ; gain = 153.215
update_compile_order -fileset sources_1
launch_simulation
INFO: [Vivado 12-5682] Launching behavioral simulation in 'C:/Users/SET253-09U.HCCMAIN/Documents/GitHub/ENES247Kamran/lab5-Latches_FlipFlops/lab5_1_1/Lab5_101/Lab5_101.sim/sim_1/behav/xsim'
INFO: [SIM-utils-51] Simulation object is 'sim_1'
INFO: [SIM-utils-54] Inspecting design source files for 'SR_latch_dataflow_tb' in fileset 'sim_1'...
INFO: [USF-XSim-97] Finding global include files...
INFO: [USF-XSim-98] Fetching design files from 'sim_1'...
INFO: [USF-XSim-2] XSim::Compile design
INFO: [USF-XSim-61] Executing 'COMPILE and ANALYZE' step in 'C:/Users/SET253-09U.HCCMAIN/Documents/GitHub/ENES247Kamran/lab5-Latches_FlipFlops/lab5_1_1/Lab5_101/Lab5_101.sim/sim_1/behav/xsim'
"xvlog --incr --relax -prj SR_latch_dataflow_tb_vlog.prj"
INFO: [VRFC 10-2263] Analyzing Verilog file "C:/Users/SET253-09U.HCCMAIN/Documents/GitHub/ENES247Kamran/lab5-Latches_FlipFlops/lab5_1_1/SR_Latch.srcs/sources_1/imports/lab5_1_1/SR_latch_dataflow.v" into library xil_defaultlib
INFO: [VRFC 10-311] analyzing module SR_latch_dataflow
INFO: [VRFC 10-2458] undeclared symbol Q_i, assumed default net type wire [C:/Users/SET253-09U.HCCMAIN/Documents/GitHub/ENES247Kamran/lab5-Latches_FlipFlops/lab5_1_1/SR_Latch.srcs/sources_1/imports/lab5_1_1/SR_latch_dataflow.v:13]
INFO: [VRFC 10-2458] undeclared symbol Qbar_i, assumed default net type wire [C:/Users/SET253-09U.HCCMAIN/Documents/GitHub/ENES247Kamran/lab5-Latches_FlipFlops/lab5_1_1/SR_Latch.srcs/sources_1/imports/lab5_1_1/SR_latch_dataflow.v:14]
INFO: [VRFC 10-2263] Analyzing Verilog file "C:/Users/SET253-09U.HCCMAIN/Documents/GitHub/ENES247Kamran/lab5-Latches_FlipFlops/lab5_1_1/SR_Latch.srcs/sim_1/imports/lab5_1_1/SR_latch_dataflow_tb.v" into library xil_defaultlib
INFO: [VRFC 10-311] analyzing module SR_latch_dataflow_tb
INFO: [VRFC 10-2263] Analyzing Verilog file "C:/Users/SET253-09U.HCCMAIN/Documents/GitHub/ENES247Kamran/lab5-Latches_FlipFlops/lab5_1_1/Lab5_101/Lab5_101.sim/sim_1/behav/xsim/glbl.v" into library xil_defaultlib
INFO: [VRFC 10-311] analyzing module glbl
INFO: [USF-XSim-69] 'compile' step finished in '1' seconds
INFO: [USF-XSim-3] XSim::Elaborate design
INFO: [USF-XSim-61] Executing 'ELABORATE' step in 'C:/Users/SET253-09U.HCCMAIN/Documents/GitHub/ENES247Kamran/lab5-Latches_FlipFlops/lab5_1_1/Lab5_101/Lab5_101.sim/sim_1/behav/xsim'
Vivado Simulator 2018.3
Copyright 1986-1999, 2001-2018 Xilinx, Inc. All Rights Reserved.
Running: C:/Xilinx/Vivado/2018.3/bin/unwrapped/win64.o/xelab.exe -wto c57960c2fc77475cb20154e3ee9634bf --incr --debug typical --relax --mt 2 -L xil_defaultlib -L unisims_ver -L unimacro_ver -L secureip --snapshot SR_latch_dataflow_tb_behav xil_defaultlib.SR_latch_dataflow_tb xil_defaultlib.glbl -log elaborate.log 
Using 2 slave threads.
Starting static elaboration
Completed static elaboration
Starting simulation data flow analysis
Completed simulation data flow analysis
Time Resolution for simulation is 1ps
Compiling module xil_defaultlib.SR_latch_dataflow
Compiling module xil_defaultlib.SR_latch_dataflow_tb
Compiling module xil_defaultlib.glbl
Built simulation snapshot SR_latch_dataflow_tb_behav

****** Webtalk v2018.3 (64-bit)
  **** SW Build 2405991 on Thu Dec  6 23:38:27 MST 2018
  **** IP Build 2404404 on Fri Dec  7 01:43:56 MST 2018
    ** Copyright 1986-2018 Xilinx, Inc. All Rights Reserved.

source C:/Users/SET253-09U.HCCMAIN/Documents/GitHub/ENES247Kamran/lab5-Latches_FlipFlops/lab5_1_1/Lab5_101/Lab5_101.sim/sim_1/behav/xsim/xsim.dir/SR_latch_dataflow_tb_behav/webtalk/xsim_webtalk.tcl -notrace
INFO: [Common 17-206] Exiting Webtalk at Thu Mar 21 14:44:46 2019...
INFO: [USF-XSim-69] 'elaborate' step finished in '4' seconds
INFO: [USF-XSim-4] XSim::Simulate design
INFO: [USF-XSim-61] Executing 'SIMULATE' step in 'C:/Users/SET253-09U.HCCMAIN/Documents/GitHub/ENES247Kamran/lab5-Latches_FlipFlops/lab5_1_1/Lab5_101/Lab5_101.sim/sim_1/behav/xsim'
INFO: [USF-XSim-98] *** Running xsim
   with args "SR_latch_dataflow_tb_behav -key {Behavioral:sim_1:Functional:SR_latch_dataflow_tb} -tclbatch {SR_latch_dataflow_tb.tcl} -log {simulate.log}"
INFO: [USF-XSim-8] Loading simulator feature
Vivado Simulator 2018.3
Time resolution is 1 ps
source SR_latch_dataflow_tb.tcl
# set curr_wave [current_wave_config]
# if { [string length $curr_wave] == 0 } {
#   if { [llength [get_objects]] > 0} {
#     add_wave /
#     set_property needs_save false [current_wave_config]
#   } else {
#      send_msg_id Add_Wave-1 WARNING "No top level signals found. Simulator will start without a wave window. If you want to open a wave window go to 'File->New Waveform Configuration' or type 'create_wave_config' in the TCL console."
#   }
# }
# run 1000ns
INFO: [USF-XSim-96] XSim completed. Design snapshot 'SR_latch_dataflow_tb_behav' loaded.
INFO: [USF-XSim-97] XSim simulation ran for 1000ns
launch_simulation: Time (s): cpu = 00:00:08 ; elapsed = 00:00:09 . Memory (MB): peak = 942.625 ; gain = 12.777
close_sim
INFO: [Simtcl 6-16] Simulation closed
exit
INFO: [Common 17-206] Exiting Vivado at Thu Mar 21 15:15:55 2019...
