#-----------------------------------------------------------
# Vivado v2018.3 (64-bit)
# SW Build 2405991 on Thu Dec  6 23:38:27 MST 2018
# IP Build 2404404 on Fri Dec  7 01:43:56 MST 2018
# Start of session at: Thu Apr  4 13:19:45 2019
# Process ID: 11380
# Current directory: C:/Users/SET253-07U.HCCMAIN/Documents/GitHub/ENES247Kamran/lab5-Latches_FlipFlops/lab5_1_3/DLatch
# Command line: vivado.exe -gui_launcher_event rodinguilauncherevent11516 C:\Users\SET253-07U.HCCMAIN\Documents\GitHub\ENES247Kamran\lab5-Latches_FlipFlops\lab5_1_3\DLatch\DLatch.xpr
# Log file: C:/Users/SET253-07U.HCCMAIN/Documents/GitHub/ENES247Kamran/lab5-Latches_FlipFlops/lab5_1_3/DLatch/vivado.log
# Journal file: C:/Users/SET253-07U.HCCMAIN/Documents/GitHub/ENES247Kamran/lab5-Latches_FlipFlops/lab5_1_3/DLatch\vivado.jou
#-----------------------------------------------------------
start_gui
open_project C:/Users/SET253-07U.HCCMAIN/Documents/GitHub/ENES247Kamran/lab5-Latches_FlipFlops/lab5_1_3/DLatch/DLatch.xpr
INFO: [ProjectBase 1-489] The host OS only allows 260 characters in a normal path. The project is stored in a path with more than 80 characters. If you experience issues with IP, Block Designs, or files not being found, please consider moving the project to a location with a shorter path. Alternately consider using the OS subst command to map part of the path to a drive letter.
Current project path is 'C:/Users/SET253-07U.HCCMAIN/Documents/GitHub/ENES247Kamran/lab5-Latches_FlipFlops/lab5_1_3/DLatch'
INFO: [Project 1-313] Project file moved from 'C:/Users/SET253-09U.HCCMAIN/Documents/GitHub/ENES247Kamran/lab5-Latches_FlipFlops/lab5_1_3/DLatch' since last save.
Scanning sources...
Finished scanning sources
WARNING: [filemgmt 56-2] IPUserFilesDir: Could not find the directory 'C:/Users/SET253-07U.HCCMAIN/Documents/GitHub/ENES247Kamran/lab5-Latches_FlipFlops/lab5_1_3/DLatch/DLatch.ip_user_files', nor could it be found using path 'C:/Users/SET253-09U.HCCMAIN/Documents/GitHub/ENES247Kamran/lab5-Latches_FlipFlops/lab5_1_3/DLatch/DLatch.ip_user_files'.
INFO: [IP_Flow 19-234] Refreshing IP repositories
INFO: [IP_Flow 19-1704] No user IP repositories specified
INFO: [IP_Flow 19-2313] Loaded Vivado IP repository 'C:/Xilinx/Vivado/2018.3/data/ip'.
open_project: Time (s): cpu = 00:00:16 ; elapsed = 00:00:09 . Memory (MB): peak = 931.258 ; gain = 374.285
update_compile_order -fileset sources_1
reset_run synth_1
launch_runs synth_1 -jobs 4
[Thu Apr  4 13:20:28 2019] Launched synth_1...
Run output will be captured here: C:/Users/SET253-07U.HCCMAIN/Documents/GitHub/ENES247Kamran/lab5-Latches_FlipFlops/lab5_1_3/DLatch/DLatch.runs/synth_1/runme.log
launch_runs impl_1 -jobs 4
[Thu Apr  4 13:21:53 2019] Launched impl_1...
Run output will be captured here: C:/Users/SET253-07U.HCCMAIN/Documents/GitHub/ENES247Kamran/lab5-Latches_FlipFlops/lab5_1_3/DLatch/DLatch.runs/impl_1/runme.log
launch_runs impl_1 -to_step write_bitstream -jobs 4
[Thu Apr  4 13:31:52 2019] Launched impl_1...
Run output will be captured here: C:/Users/SET253-07U.HCCMAIN/Documents/GitHub/ENES247Kamran/lab5-Latches_FlipFlops/lab5_1_3/DLatch/DLatch.runs/impl_1/runme.log
open_hw
connect_hw_server
INFO: [Labtools 27-2285] Connecting to hw_server url TCP:localhost:3121
INFO: [Labtools 27-2222] Launching hw_server...
INFO: [Labtools 27-2221] Launch Output:

****** Xilinx hw_server v2018.3
  **** Build date : Dec  7 2018-00:40:27
    ** Copyright 1986-2018 Xilinx, Inc. All Rights Reserved.


open_hw_target
INFO: [Labtoolstcl 44-466] Opening hw_target localhost:3121/xilinx_tcf/Digilent/210292A6EBD5A
ERROR: [Labtools 27-2269] No devices detected on target localhost:3121/xilinx_tcf/Digilent/210292A6EBD5A.
Check cable connectivity and that the target board is powered up then
use the disconnect_hw_server and connect_hw_server to re-register this hardware target.
ERROR: [Common 17-39] 'open_hw_target' failed due to earlier errors.
set_property PROBES.FILE {} [get_hw_devices xc7a100t_0]
set_property FULL_PROBES.FILE {} [get_hw_devices xc7a100t_0]
set_property PROGRAM.FILE {C:/Users/SET253-07U.HCCMAIN/Documents/GitHub/ENES247Kamran/lab5-Latches_FlipFlops/lab5_1_3/DLatch/DLatch.runs/impl_1/D_latch_dataflow.bit} [get_hw_devices xc7a100t_0]
program_hw_devices [get_hw_devices xc7a100t_0]
INFO: [Labtools 27-3164] End of startup status: HIGH
refresh_hw_device [lindex [get_hw_devices xc7a100t_0] 0]
INFO: [Labtools 27-1434] Device xc7a100t (JTAG device index = 0) is programmed with a design that has no supported debug core(s) in it.
launch_simulation
INFO: [Vivado 12-5682] Launching behavioral simulation in 'C:/Users/SET253-07U.HCCMAIN/Documents/GitHub/ENES247Kamran/lab5-Latches_FlipFlops/lab5_1_3/DLatch/DLatch.sim/sim_1/behav/xsim'
INFO: [SIM-utils-51] Simulation object is 'sim_1'
INFO: [SIM-utils-54] Inspecting design source files for 'D_latch_dataflow' in fileset 'sim_1'...
INFO: [USF-XSim-97] Finding global include files...
INFO: [USF-XSim-98] Fetching design files from 'sim_1'...
INFO: [USF-XSim-2] XSim::Compile design
INFO: [USF-XSim-61] Executing 'COMPILE and ANALYZE' step in 'C:/Users/SET253-07U.HCCMAIN/Documents/GitHub/ENES247Kamran/lab5-Latches_FlipFlops/lab5_1_3/DLatch/DLatch.sim/sim_1/behav/xsim'
"xvlog --incr --relax -prj D_latch_dataflow_vlog.prj"
INFO: [VRFC 10-2263] Analyzing Verilog file "C:/Users/SET253-07U.HCCMAIN/Documents/GitHub/ENES247Kamran/lab5-Latches_FlipFlops/lab5_1_3/D_latch_dataflow.v" into library xil_defaultlib
INFO: [VRFC 10-311] analyzing module D_latch_dataflow
INFO: [VRFC 10-2458] undeclared symbol R_i, assumed default net type wire [C:/Users/SET253-07U.HCCMAIN/Documents/GitHub/ENES247Kamran/lab5-Latches_FlipFlops/lab5_1_3/D_latch_dataflow.v:13]
INFO: [VRFC 10-2458] undeclared symbol S_i, assumed default net type wire [C:/Users/SET253-07U.HCCMAIN/Documents/GitHub/ENES247Kamran/lab5-Latches_FlipFlops/lab5_1_3/D_latch_dataflow.v:14]
INFO: [VRFC 10-2458] undeclared symbol Q_i, assumed default net type wire [C:/Users/SET253-07U.HCCMAIN/Documents/GitHub/ENES247Kamran/lab5-Latches_FlipFlops/lab5_1_3/D_latch_dataflow.v:15]
INFO: [VRFC 10-2458] undeclared symbol Qbar_i, assumed default net type wire [C:/Users/SET253-07U.HCCMAIN/Documents/GitHub/ENES247Kamran/lab5-Latches_FlipFlops/lab5_1_3/D_latch_dataflow.v:16]
INFO: [VRFC 10-2263] Analyzing Verilog file "C:/Users/SET253-07U.HCCMAIN/Documents/GitHub/ENES247Kamran/lab5-Latches_FlipFlops/lab5_1_3/DLatch/DLatch.sim/sim_1/behav/xsim/glbl.v" into library xil_defaultlib
INFO: [VRFC 10-311] analyzing module glbl
INFO: [USF-XSim-69] 'compile' step finished in '2' seconds
INFO: [USF-XSim-3] XSim::Elaborate design
INFO: [USF-XSim-61] Executing 'ELABORATE' step in 'C:/Users/SET253-07U.HCCMAIN/Documents/GitHub/ENES247Kamran/lab5-Latches_FlipFlops/lab5_1_3/DLatch/DLatch.sim/sim_1/behav/xsim'
Vivado Simulator 2018.3
Copyright 1986-1999, 2001-2018 Xilinx, Inc. All Rights Reserved.
Running: C:/Xilinx/Vivado/2018.3/bin/unwrapped/win64.o/xelab.exe -wto d9316cf4723f4eb19945991eb3fcc2ec --incr --debug typical --relax --mt 2 -L xil_defaultlib -L unisims_ver -L unimacro_ver -L secureip --snapshot D_latch_dataflow_behav xil_defaultlib.D_latch_dataflow xil_defaultlib.glbl -log elaborate.log 
Using 2 slave threads.
Starting static elaboration
Completed static elaboration
Starting simulation data flow analysis
Completed simulation data flow analysis
Time Resolution for simulation is 1ps
Compiling module xil_defaultlib.D_latch_dataflow
Compiling module xil_defaultlib.glbl
Built simulation snapshot D_latch_dataflow_behav

****** Webtalk v2018.3 (64-bit)
  **** SW Build 2405991 on Thu Dec  6 23:38:27 MST 2018
  **** IP Build 2404404 on Fri Dec  7 01:43:56 MST 2018
    ** Copyright 1986-2018 Xilinx, Inc. All Rights Reserved.

source C:/Users/SET253-07U.HCCMAIN/Documents/GitHub/ENES247Kamran/lab5-Latches_FlipFlops/lab5_1_3/DLatch/DLatch.sim/sim_1/behav/xsim/xsim.dir/D_latch_dataflow_behav/webtalk/xsim_webtalk.tcl -notrace
INFO: [Common 17-206] Exiting Webtalk at Thu Apr  4 13:38:01 2019...
run_program: Time (s): cpu = 00:00:00 ; elapsed = 00:00:05 . Memory (MB): peak = 1711.172 ; gain = 0.000
INFO: [USF-XSim-69] 'elaborate' step finished in '5' seconds
INFO: [USF-XSim-4] XSim::Simulate design
INFO: [USF-XSim-61] Executing 'SIMULATE' step in 'C:/Users/SET253-07U.HCCMAIN/Documents/GitHub/ENES247Kamran/lab5-Latches_FlipFlops/lab5_1_3/DLatch/DLatch.sim/sim_1/behav/xsim'
INFO: [USF-XSim-98] *** Running xsim
   with args "D_latch_dataflow_behav -key {Behavioral:sim_1:Functional:D_latch_dataflow} -tclbatch {D_latch_dataflow.tcl} -log {simulate.log}"
INFO: [USF-XSim-8] Loading simulator feature
Vivado Simulator 2018.3
Time resolution is 1 ps
source D_latch_dataflow.tcl
# set curr_wave [current_wave_config]
# if { [string length $curr_wave] == 0 } {
#   if { [llength [get_objects]] > 0} {
#     add_wave /
#     set_property needs_save false [current_wave_config]
#   } else {
#      send_msg_id Add_Wave-1 WARNING "No top level signals found. Simulator will start without a wave window. If you want to open a wave window go to 'File->New Waveform Configuration' or type 'create_wave_config' in the TCL console."
#   }
# }
# run 1000ns
INFO: [USF-XSim-96] XSim completed. Design snapshot 'D_latch_dataflow_behav' loaded.
INFO: [USF-XSim-97] XSim simulation ran for 1000ns
launch_simulation: Time (s): cpu = 00:00:06 ; elapsed = 00:00:11 . Memory (MB): peak = 1728.867 ; gain = 17.695
add_bp {C:/Users/SET253-07U.HCCMAIN/Documents/GitHub/ENES247Kamran/lab5-Latches_FlipFlops/lab5_1_3/D_latch_dataflow.v} 13
remove_bps -file {C:/Users/SET253-07U.HCCMAIN/Documents/GitHub/ENES247Kamran/lab5-Latches_FlipFlops/lab5_1_3/D_latch_dataflow.v} -line 13
add_bp {C:/Users/SET253-07U.HCCMAIN/Documents/GitHub/ENES247Kamran/lab5-Latches_FlipFlops/lab5_1_3/D_latch_dataflow.v} 13
add_bp {C:/Users/SET253-07U.HCCMAIN/Documents/GitHub/ENES247Kamran/lab5-Latches_FlipFlops/lab5_1_3/D_latch_dataflow.v} 14
remove_bps -file {C:/Users/SET253-07U.HCCMAIN/Documents/GitHub/ENES247Kamran/lab5-Latches_FlipFlops/lab5_1_3/D_latch_dataflow.v} -line 13
remove_bps -file {C:/Users/SET253-07U.HCCMAIN/Documents/GitHub/ENES247Kamran/lab5-Latches_FlipFlops/lab5_1_3/D_latch_dataflow.v} -line 14
close_sim
INFO: [Simtcl 6-16] Simulation closed
launch_simulation
INFO: [Vivado 12-5682] Launching behavioral simulation in 'C:/Users/SET253-07U.HCCMAIN/Documents/GitHub/ENES247Kamran/lab5-Latches_FlipFlops/lab5_1_3/DLatch/DLatch.sim/sim_1/behav/xsim'
INFO: [SIM-utils-51] Simulation object is 'sim_1'
INFO: [SIM-utils-54] Inspecting design source files for 'D_latch_dataflow' in fileset 'sim_1'...
INFO: [USF-XSim-97] Finding global include files...
INFO: [USF-XSim-98] Fetching design files from 'sim_1'...
INFO: [USF-XSim-2] XSim::Compile design
INFO: [USF-XSim-61] Executing 'COMPILE and ANALYZE' step in 'C:/Users/SET253-07U.HCCMAIN/Documents/GitHub/ENES247Kamran/lab5-Latches_FlipFlops/lab5_1_3/DLatch/DLatch.sim/sim_1/behav/xsim'
"xvlog --incr --relax -prj D_latch_dataflow_vlog.prj"
INFO: [USF-XSim-69] 'compile' step finished in '1' seconds
INFO: [USF-XSim-3] XSim::Elaborate design
INFO: [USF-XSim-61] Executing 'ELABORATE' step in 'C:/Users/SET253-07U.HCCMAIN/Documents/GitHub/ENES247Kamran/lab5-Latches_FlipFlops/lab5_1_3/DLatch/DLatch.sim/sim_1/behav/xsim'
Vivado Simulator 2018.3
Copyright 1986-1999, 2001-2018 Xilinx, Inc. All Rights Reserved.
Running: C:/Xilinx/Vivado/2018.3/bin/unwrapped/win64.o/xelab.exe -wto d9316cf4723f4eb19945991eb3fcc2ec --incr --debug typical --relax --mt 2 -L xil_defaultlib -L unisims_ver -L unimacro_ver -L secureip --snapshot D_latch_dataflow_behav xil_defaultlib.D_latch_dataflow xil_defaultlib.glbl -log elaborate.log 
Using 2 slave threads.
Starting static elaboration
Completed static elaboration
INFO: [XSIM 43-4323] No Change in HDL. Linking previously generated obj files to create kernel
INFO: [USF-XSim-69] 'elaborate' step finished in '1' seconds
INFO: [USF-XSim-4] XSim::Simulate design
INFO: [USF-XSim-61] Executing 'SIMULATE' step in 'C:/Users/SET253-07U.HCCMAIN/Documents/GitHub/ENES247Kamran/lab5-Latches_FlipFlops/lab5_1_3/DLatch/DLatch.sim/sim_1/behav/xsim'
INFO: [USF-XSim-98] *** Running xsim
   with args "D_latch_dataflow_behav -key {Behavioral:sim_1:Functional:D_latch_dataflow} -tclbatch {D_latch_dataflow.tcl} -log {simulate.log}"
INFO: [USF-XSim-8] Loading simulator feature
Vivado Simulator 2018.3
Time resolution is 1 ps
source D_latch_dataflow.tcl
# set curr_wave [current_wave_config]
# if { [string length $curr_wave] == 0 } {
#   if { [llength [get_objects]] > 0} {
#     add_wave /
#     set_property needs_save false [current_wave_config]
#   } else {
#      send_msg_id Add_Wave-1 WARNING "No top level signals found. Simulator will start without a wave window. If you want to open a wave window go to 'File->New Waveform Configuration' or type 'create_wave_config' in the TCL console."
#   }
# }
# run 1000ns
INFO: [USF-XSim-96] XSim completed. Design snapshot 'D_latch_dataflow_behav' loaded.
INFO: [USF-XSim-97] XSim simulation ran for 1000ns
launch_simulation: Time (s): cpu = 00:00:03 ; elapsed = 00:00:05 . Memory (MB): peak = 1746.719 ; gain = 0.000
add_bp {C:/Users/SET253-07U.HCCMAIN/Documents/GitHub/ENES247Kamran/lab5-Latches_FlipFlops/lab5_1_3/D_latch_dataflow.v} 13
add_bp {C:/Users/SET253-07U.HCCMAIN/Documents/GitHub/ENES247Kamran/lab5-Latches_FlipFlops/lab5_1_3/D_latch_dataflow.v} 14
add_bp {C:/Users/SET253-07U.HCCMAIN/Documents/GitHub/ENES247Kamran/lab5-Latches_FlipFlops/lab5_1_3/D_latch_dataflow.v} 16
remove_bps -file {C:/Users/SET253-07U.HCCMAIN/Documents/GitHub/ENES247Kamran/lab5-Latches_FlipFlops/lab5_1_3/D_latch_dataflow.v} -line 16
add_bp {C:/Users/SET253-07U.HCCMAIN/Documents/GitHub/ENES247Kamran/lab5-Latches_FlipFlops/lab5_1_3/D_latch_dataflow.v} 15
add_bp {C:/Users/SET253-07U.HCCMAIN/Documents/GitHub/ENES247Kamran/lab5-Latches_FlipFlops/lab5_1_3/D_latch_dataflow.v} 16
add_bp {C:/Users/SET253-07U.HCCMAIN/Documents/GitHub/ENES247Kamran/lab5-Latches_FlipFlops/lab5_1_3/D_latch_dataflow.v} 17
add_bp {C:/Users/SET253-07U.HCCMAIN/Documents/GitHub/ENES247Kamran/lab5-Latches_FlipFlops/lab5_1_3/D_latch_dataflow.v} 18
close_sim
INFO: [Simtcl 6-16] Simulation closed
exit
INFO: [Common 17-206] Exiting Vivado at Thu Apr  4 14:16:14 2019...
