#-----------------------------------------------------------
# Vivado v2018.3 (64-bit)
# SW Build 2405991 on Thu Dec  6 23:38:27 MST 2018
# IP Build 2404404 on Fri Dec  7 01:43:56 MST 2018
# Start of session at: Thu May  9 15:13:52 2019
# Process ID: 9576
# Current directory: C:/Users/SET253-15U.HCCMAIN/Documents/GitHub/ENES247Kamran/lab8-IntellectualProperty/lab8_1_1/ClockDividerBehavior
# Command line: vivado.exe -gui_launcher_event rodinguilauncherevent6108 C:\Users\SET253-15U.HCCMAIN\Documents\GitHub\ENES247Kamran\lab8-IntellectualProperty\lab8_1_1\ClockDividerBehavior\ClockDividerBehavior.xpr
# Log file: C:/Users/SET253-15U.HCCMAIN/Documents/GitHub/ENES247Kamran/lab8-IntellectualProperty/lab8_1_1/ClockDividerBehavior/vivado.log
# Journal file: C:/Users/SET253-15U.HCCMAIN/Documents/GitHub/ENES247Kamran/lab8-IntellectualProperty/lab8_1_1/ClockDividerBehavior\vivado.jou
#-----------------------------------------------------------
start_gui
open_project C:/Users/SET253-15U.HCCMAIN/Documents/GitHub/ENES247Kamran/lab8-IntellectualProperty/lab8_1_1/ClockDividerBehavior/ClockDividerBehavior.xpr
INFO: [ProjectBase 1-489] The host OS only allows 260 characters in a normal path. The project is stored in a path with more than 80 characters. If you experience issues with IP, Block Designs, or files not being found, please consider moving the project to a location with a shorter path. Alternately consider using the OS subst command to map part of the path to a drive letter.
Current project path is 'C:/Users/SET253-15U.HCCMAIN/Documents/GitHub/ENES247Kamran/lab8-IntellectualProperty/lab8_1_1/ClockDividerBehavior'
Scanning sources...
Finished scanning sources
INFO: [IP_Flow 19-234] Refreshing IP repositories
INFO: [IP_Flow 19-1704] No user IP repositories specified
INFO: [IP_Flow 19-2313] Loaded Vivado IP repository 'C:/Xilinx/Vivado/2018.3/data/ip'.
open_project: Time (s): cpu = 00:00:14 ; elapsed = 00:00:06 . Memory (MB): peak = 738.105 ; gain = 149.473
update_compile_order -fileset sources_1
exit
INFO: [Common 17-206] Exiting Vivado at Thu May  9 15:19:08 2019...
