#-----------------------------------------------------------
# Vivado v2018.3 (64-bit)
# SW Build 2405991 on Thu Dec  6 23:38:27 MST 2018
# IP Build 2404404 on Fri Dec  7 01:43:56 MST 2018
# Start of session at: Fri May 10 16:19:45 2019
# Process ID: 16824
# Current directory: C:/Users/kamra/OneDrive/Documents/GitHub/ENES247Kamran/lab8-IntellectualProperty/lab8_1_2/BintoBCD
# Command line: vivado.exe -gui_launcher_event rodinguilauncherevent21136 C:\Users\kamra\OneDrive\Documents\GitHub\ENES247Kamran\lab8-IntellectualProperty\lab8_1_2\BintoBCD\BintoBCD.xpr
# Log file: C:/Users/kamra/OneDrive/Documents/GitHub/ENES247Kamran/lab8-IntellectualProperty/lab8_1_2/BintoBCD/vivado.log
# Journal file: C:/Users/kamra/OneDrive/Documents/GitHub/ENES247Kamran/lab8-IntellectualProperty/lab8_1_2/BintoBCD\vivado.jou
#-----------------------------------------------------------
start_gui
open_project C:/Users/kamra/OneDrive/Documents/GitHub/ENES247Kamran/lab8-IntellectualProperty/lab8_1_2/BintoBCD/BintoBCD.xpr
INFO: [ProjectBase 1-489] The host OS only allows 260 characters in a normal path. The project is stored in a path with more than 80 characters. If you experience issues with IP, Block Designs, or files not being found, please consider moving the project to a location with a shorter path. Alternately consider using the OS subst command to map part of the path to a drive letter.
Current project path is 'C:/Users/kamra/OneDrive/Documents/GitHub/ENES247Kamran/lab8-IntellectualProperty/lab8_1_2/BintoBCD'
INFO: [Project 1-313] Project file moved from 'C:/Users/SET253-15U.HCCMAIN/Documents/GitHub/ENES247Kamran/lab8-IntellectualProperty/lab8_1_2/BintoBCD' since last save.
Scanning sources...
Finished scanning sources
INFO: [IP_Flow 19-234] Refreshing IP repositories
INFO: [IP_Flow 19-1704] No user IP repositories specified
INFO: [IP_Flow 19-2313] Loaded Vivado IP repository 'D:/VivadoXilinx/Vivado/2018.3/data/ip'.
open_project: Time (s): cpu = 00:00:29 ; elapsed = 00:00:14 . Memory (MB): peak = 725.996 ; gain = 97.461
update_compile_order -fileset sources_1
exit
INFO: [Common 17-206] Exiting Vivado at Fri May 10 16:43:53 2019...
