#-----------------------------------------------------------
# Vivado v2018.3 (64-bit)
# SW Build 2405991 on Thu Dec  6 23:38:27 MST 2018
# IP Build 2404404 on Fri Dec  7 01:43:56 MST 2018
# Start of session at: Mon Apr 29 09:13:14 2019
# Process ID: 11596
# Current directory: C:/Users/SET165-04U/Documents/GitHub/ENES247Kamran/lab6-ShiftRegisters/lab6_2_2/EightBitCounterDFF
# Command line: vivado.exe -gui_launcher_event rodinguilauncherevent6720 C:\Users\SET165-04U\Documents\GitHub\ENES247Kamran\lab6-ShiftRegisters\lab6_2_2\EightBitCounterDFF\EightBitCounterDFF.xpr
# Log file: C:/Users/SET165-04U/Documents/GitHub/ENES247Kamran/lab6-ShiftRegisters/lab6_2_2/EightBitCounterDFF/vivado.log
# Journal file: C:/Users/SET165-04U/Documents/GitHub/ENES247Kamran/lab6-ShiftRegisters/lab6_2_2/EightBitCounterDFF\vivado.jou
#-----------------------------------------------------------
start_gui
open_project C:/Users/SET165-04U/Documents/GitHub/ENES247Kamran/lab6-ShiftRegisters/lab6_2_2/EightBitCounterDFF/EightBitCounterDFF.xpr
INFO: [ProjectBase 1-489] The host OS only allows 260 characters in a normal path. The project is stored in a path with more than 80 characters. If you experience issues with IP, Block Designs, or files not being found, please consider moving the project to a location with a shorter path. Alternately consider using the OS subst command to map part of the path to a drive letter.
Current project path is 'C:/Users/SET165-04U/Documents/GitHub/ENES247Kamran/lab6-ShiftRegisters/lab6_2_2/EightBitCounterDFF'
Scanning sources...
Finished scanning sources
INFO: [IP_Flow 19-234] Refreshing IP repositories
INFO: [IP_Flow 19-1704] No user IP repositories specified
INFO: [IP_Flow 19-2313] Loaded Vivado IP repository 'C:/Xilinx/Vivado/2018.3/data/ip'.
open_project: Time (s): cpu = 00:00:11 ; elapsed = 00:00:06 . Memory (MB): peak = 703.520 ; gain = 110.391
update_compile_order -fileset sources_1
set_property SOURCE_SET sources_1 [get_filesets sim_1]
add_files -fileset sim_1 -norecurse C:/Users/SET165-04U/Documents/GitHub/ENES247Kamran/lab6-ShiftRegisters/lab6_2_3/Four_bit_down_counter_with_load_enable_behavior_tb.v
update_compile_order -fileset sim_1
launch_runs synth_1 -jobs 4
[Mon Apr 29 09:16:16 2019] Launched synth_1...
Run output will be captured here: C:/Users/SET165-04U/Documents/GitHub/ENES247Kamran/lab6-ShiftRegisters/lab6_2_2/EightBitCounterDFF/EightBitCounterDFF.runs/synth_1/runme.log
reset_run synth_1
launch_runs synth_1 -jobs 4
[Mon Apr 29 09:18:49 2019] Launched synth_1...
Run output will be captured here: C:/Users/SET165-04U/Documents/GitHub/ENES247Kamran/lab6-ShiftRegisters/lab6_2_2/EightBitCounterDFF/EightBitCounterDFF.runs/synth_1/runme.log
reset_run synth_1
launch_runs synth_1 -jobs 4
[Mon Apr 29 09:19:33 2019] Launched synth_1...
Run output will be captured here: C:/Users/SET165-04U/Documents/GitHub/ENES247Kamran/lab6-ShiftRegisters/lab6_2_2/EightBitCounterDFF/EightBitCounterDFF.runs/synth_1/runme.log
launch_runs impl_1 -jobs 4
[Mon Apr 29 09:20:09 2019] Launched impl_1...
Run output will be captured here: C:/Users/SET165-04U/Documents/GitHub/ENES247Kamran/lab6-ShiftRegisters/lab6_2_2/EightBitCounterDFF/EightBitCounterDFF.runs/impl_1/runme.log
launch_runs impl_1 -to_step write_bitstream -jobs 4
[Mon Apr 29 09:21:23 2019] Launched impl_1...
Run output will be captured here: C:/Users/SET165-04U/Documents/GitHub/ENES247Kamran/lab6-ShiftRegisters/lab6_2_2/EightBitCounterDFF/EightBitCounterDFF.runs/impl_1/runme.log
reset_run synth_1
launch_runs synth_1 -jobs 4
[Mon Apr 29 09:24:42 2019] Launched synth_1...
Run output will be captured here: C:/Users/SET165-04U/Documents/GitHub/ENES247Kamran/lab6-ShiftRegisters/lab6_2_2/EightBitCounterDFF/EightBitCounterDFF.runs/synth_1/runme.log
launch_runs impl_1 -jobs 4
[Mon Apr 29 09:25:18 2019] Launched impl_1...
Run output will be captured here: C:/Users/SET165-04U/Documents/GitHub/ENES247Kamran/lab6-ShiftRegisters/lab6_2_2/EightBitCounterDFF/EightBitCounterDFF.runs/impl_1/runme.log
launch_runs impl_1 -to_step write_bitstream -jobs 4
[Mon Apr 29 09:26:31 2019] Launched impl_1...
Run output will be captured here: C:/Users/SET165-04U/Documents/GitHub/ENES247Kamran/lab6-ShiftRegisters/lab6_2_2/EightBitCounterDFF/EightBitCounterDFF.runs/impl_1/runme.log
reset_run synth_1
launch_runs synth_1 -jobs 4
[Mon Apr 29 09:28:58 2019] Launched synth_1...
Run output will be captured here: C:/Users/SET165-04U/Documents/GitHub/ENES247Kamran/lab6-ShiftRegisters/lab6_2_2/EightBitCounterDFF/EightBitCounterDFF.runs/synth_1/runme.log
launch_runs impl_1 -jobs 4
[Mon Apr 29 09:29:35 2019] Launched impl_1...
Run output will be captured here: C:/Users/SET165-04U/Documents/GitHub/ENES247Kamran/lab6-ShiftRegisters/lab6_2_2/EightBitCounterDFF/EightBitCounterDFF.runs/impl_1/runme.log
launch_runs impl_1 -to_step write_bitstream -jobs 4
[Mon Apr 29 09:30:53 2019] Launched impl_1...
Run output will be captured here: C:/Users/SET165-04U/Documents/GitHub/ENES247Kamran/lab6-ShiftRegisters/lab6_2_2/EightBitCounterDFF/EightBitCounterDFF.runs/impl_1/runme.log
open_hw
exit
INFO: [Common 17-206] Exiting Vivado at Mon Apr 29 09:32:15 2019...
