#-----------------------------------------------------------
# Vivado v2018.3 (64-bit)
# SW Build 2405991 on Thu Dec  6 23:38:27 MST 2018
# IP Build 2404404 on Fri Dec  7 01:43:56 MST 2018
# Start of session at: Mon Apr 29 18:00:07 2019
# Process ID: 12656
# Current directory: C:/Users/SET165-01U/Documents/GitHub/ENES247Kamran/lab6-ShiftRegisters/lab6_2_2/EightBitCounterDFF
# Command line: vivado.exe -gui_launcher_event rodinguilauncherevent3532 C:\Users\SET165-01U\Documents\GitHub\ENES247Kamran\lab6-ShiftRegisters\lab6_2_2\EightBitCounterDFF\EightBitCounterDFF.xpr
# Log file: C:/Users/SET165-01U/Documents/GitHub/ENES247Kamran/lab6-ShiftRegisters/lab6_2_2/EightBitCounterDFF/vivado.log
# Journal file: C:/Users/SET165-01U/Documents/GitHub/ENES247Kamran/lab6-ShiftRegisters/lab6_2_2/EightBitCounterDFF\vivado.jou
#-----------------------------------------------------------
start_gui
open_project C:/Users/SET165-01U/Documents/GitHub/ENES247Kamran/lab6-ShiftRegisters/lab6_2_2/EightBitCounterDFF/EightBitCounterDFF.xpr
INFO: [ProjectBase 1-489] The host OS only allows 260 characters in a normal path. The project is stored in a path with more than 80 characters. If you experience issues with IP, Block Designs, or files not being found, please consider moving the project to a location with a shorter path. Alternately consider using the OS subst command to map part of the path to a drive letter.
Current project path is 'C:/Users/SET165-01U/Documents/GitHub/ENES247Kamran/lab6-ShiftRegisters/lab6_2_2/EightBitCounterDFF'
INFO: [Project 1-313] Project file moved from 'C:/Users/SET165-04U/Documents/GitHub/ENES247Kamran/lab6-ShiftRegisters/lab6_2_2/EightBitCounterDFF' since last save.
Scanning sources...
Finished scanning sources
WARNING: [filemgmt 56-2] IPUserFilesDir: Could not find the directory 'C:/Users/SET165-01U/Documents/GitHub/ENES247Kamran/lab6-ShiftRegisters/lab6_2_2/EightBitCounterDFF/EightBitCounterDFF.ip_user_files', nor could it be found using path 'C:/Users/SET165-04U/Documents/GitHub/ENES247Kamran/lab6-ShiftRegisters/lab6_2_2/EightBitCounterDFF/EightBitCounterDFF.ip_user_files'.
INFO: [IP_Flow 19-234] Refreshing IP repositories
INFO: [IP_Flow 19-1704] No user IP repositories specified
INFO: [IP_Flow 19-2313] Loaded Vivado IP repository 'C:/Xilinx/Vivado/2018.3/data/ip'.
open_project: Time (s): cpu = 00:00:15 ; elapsed = 00:00:07 . Memory (MB): peak = 752.477 ; gain = 142.066
update_compile_order -fileset sources_1
set_property used_in_implementation false [get_files  C:/Users/SET165-01U/Documents/GitHub/ENES247Kamran/lab6-ShiftRegisters/lab6_2_3/Four_bit_down_counter_with_load_enable_behavior_tb.v]
set_property used_in_synthesis false [get_files  C:/Users/SET165-01U/Documents/GitHub/ENES247Kamran/lab6-ShiftRegisters/lab6_2_3/Four_bit_down_counter_with_load_enable_behavior_tb.v]
launch_simulation
INFO: [Vivado 12-5682] Launching behavioral simulation in 'C:/Users/SET165-01U/Documents/GitHub/ENES247Kamran/lab6-ShiftRegisters/lab6_2_2/EightBitCounterDFF/EightBitCounterDFF.sim/sim_1/behav/xsim'
INFO: [SIM-utils-51] Simulation object is 'sim_1'
INFO: [SIM-utils-54] Inspecting design source files for 'T_ff_D_ff_enable_behavior' in fileset 'sim_1'...
INFO: [USF-XSim-97] Finding global include files...
INFO: [USF-XSim-98] Fetching design files from 'sim_1'...
INFO: [USF-XSim-2] XSim::Compile design
INFO: [USF-XSim-61] Executing 'COMPILE and ANALYZE' step in 'C:/Users/SET165-01U/Documents/GitHub/ENES247Kamran/lab6-ShiftRegisters/lab6_2_2/EightBitCounterDFF/EightBitCounterDFF.sim/sim_1/behav/xsim'
"xvlog --incr --relax -prj T_ff_D_ff_enable_behavior_vlog.prj"
INFO: [VRFC 10-2263] Analyzing Verilog file "C:/Users/SET165-01U/Documents/GitHub/ENES247Kamran/lab6-ShiftRegisters/lab6_2_2/D_ff_sync_reset_behavior.v" into library xil_defaultlib
INFO: [VRFC 10-311] analyzing module D_ff_sync_reset_behavior
INFO: [VRFC 10-2263] Analyzing Verilog file "C:/Users/SET165-01U/Documents/GitHub/ENES247Kamran/lab6-ShiftRegisters/lab6_2_2/T_ff_with_D_ff_enable_behavior.v" into library xil_defaultlib
INFO: [VRFC 10-311] analyzing module T_ff_D_ff_enable_behavior
INFO: [VRFC 10-2263] Analyzing Verilog file "C:/Users/SET165-01U/Documents/GitHub/ENES247Kamran/lab6-ShiftRegisters/lab6_2_2/EightBitCounterDFF/EightBitCounterDFF.sim/sim_1/behav/xsim/glbl.v" into library xil_defaultlib
INFO: [VRFC 10-311] analyzing module glbl
INFO: [USF-XSim-69] 'compile' step finished in '1' seconds
INFO: [USF-XSim-3] XSim::Elaborate design
INFO: [USF-XSim-61] Executing 'ELABORATE' step in 'C:/Users/SET165-01U/Documents/GitHub/ENES247Kamran/lab6-ShiftRegisters/lab6_2_2/EightBitCounterDFF/EightBitCounterDFF.sim/sim_1/behav/xsim'
Vivado Simulator 2018.3
Copyright 1986-1999, 2001-2018 Xilinx, Inc. All Rights Reserved.
Running: C:/Xilinx/Vivado/2018.3/bin/unwrapped/win64.o/xelab.exe -wto bcb861d1e5f84e8eaa51558891d3b0e8 --incr --debug typical --relax --mt 2 -L xil_defaultlib -L unisims_ver -L unimacro_ver -L secureip --snapshot T_ff_D_ff_enable_behavior_behav xil_defaultlib.T_ff_D_ff_enable_behavior xil_defaultlib.glbl -log elaborate.log 
Using 2 slave threads.
Starting static elaboration
Completed static elaboration
Starting simulation data flow analysis
Completed simulation data flow analysis
Time Resolution for simulation is 1ps
Compiling module xil_defaultlib.D_ff_sync_reset_behavior
Compiling module xil_defaultlib.T_ff_D_ff_enable_behavior
Compiling module xil_defaultlib.glbl
Built simulation snapshot T_ff_D_ff_enable_behavior_behav

****** Webtalk v2018.3 (64-bit)
  **** SW Build 2405991 on Thu Dec  6 23:38:27 MST 2018
  **** IP Build 2404404 on Fri Dec  7 01:43:56 MST 2018
    ** Copyright 1986-2018 Xilinx, Inc. All Rights Reserved.

source C:/Users/SET165-01U/Documents/GitHub/ENES247Kamran/lab6-ShiftRegisters/lab6_2_2/EightBitCounterDFF/EightBitCounterDFF.sim/sim_1/behav/xsim/xsim.dir/T_ff_D_ff_enable_behavior_behav/webtalk/xsim_webtalk.tcl -notrace
INFO: [Common 17-186] 'C:/Users/SET165-01U/Documents/GitHub/ENES247Kamran/lab6-ShiftRegisters/lab6_2_2/EightBitCounterDFF/EightBitCounterDFF.sim/sim_1/behav/xsim/xsim.dir/T_ff_D_ff_enable_behavior_behav/webtalk/usage_statistics_ext_xsim.xml' has been successfully sent to Xilinx on Mon Apr 29 18:01:23 2019. For additional details about this file, please refer to the WebTalk help file at C:/Xilinx/Vivado/2018.3/doc/webtalk_introduction.html.
INFO: [Common 17-206] Exiting Webtalk at Mon Apr 29 18:01:23 2019...
INFO: [USF-XSim-69] 'elaborate' step finished in '5' seconds
INFO: [USF-XSim-4] XSim::Simulate design
INFO: [USF-XSim-61] Executing 'SIMULATE' step in 'C:/Users/SET165-01U/Documents/GitHub/ENES247Kamran/lab6-ShiftRegisters/lab6_2_2/EightBitCounterDFF/EightBitCounterDFF.sim/sim_1/behav/xsim'
INFO: [USF-XSim-98] *** Running xsim
   with args "T_ff_D_ff_enable_behavior_behav -key {Behavioral:sim_1:Functional:T_ff_D_ff_enable_behavior} -tclbatch {T_ff_D_ff_enable_behavior.tcl} -log {simulate.log}"
INFO: [USF-XSim-8] Loading simulator feature
Vivado Simulator 2018.3
Time resolution is 1 ps
source T_ff_D_ff_enable_behavior.tcl
# set curr_wave [current_wave_config]
# if { [string length $curr_wave] == 0 } {
#   if { [llength [get_objects]] > 0} {
#     add_wave /
#     set_property needs_save false [current_wave_config]
#   } else {
#      send_msg_id Add_Wave-1 WARNING "No top level signals found. Simulator will start without a wave window. If you want to open a wave window go to 'File->New Waveform Configuration' or type 'create_wave_config' in the TCL console."
#   }
# }
# run 1000ns
INFO: [USF-XSim-96] XSim completed. Design snapshot 'T_ff_D_ff_enable_behavior_behav' loaded.
INFO: [USF-XSim-97] XSim simulation ran for 1000ns
launch_simulation: Time (s): cpu = 00:00:08 ; elapsed = 00:00:11 . Memory (MB): peak = 960.027 ; gain = 28.449
set_property is_enabled false [get_files  C:/Users/SET165-01U/Documents/GitHub/ENES247Kamran/lab6-ShiftRegisters/lab6_2_2/D_ff_sync_reset_behavior.v]
set_property is_enabled true [get_files  C:/Users/SET165-01U/Documents/GitHub/ENES247Kamran/lab6-ShiftRegisters/lab6_2_2/D_ff_sync_reset_behavior.v]
update_compile_order -fileset sources_1
close_sim
INFO: [Simtcl 6-16] Simulation closed
close_sim: Time (s): cpu = 00:00:02 ; elapsed = 00:00:06 . Memory (MB): peak = 960.027 ; gain = 0.000
launch_simulation
INFO: [Vivado 12-5682] Launching behavioral simulation in 'C:/Users/SET165-01U/Documents/GitHub/ENES247Kamran/lab6-ShiftRegisters/lab6_2_2/EightBitCounterDFF/EightBitCounterDFF.sim/sim_1/behav/xsim'
INFO: [SIM-utils-51] Simulation object is 'sim_1'
INFO: [SIM-utils-54] Inspecting design source files for 'T_ff_D_ff_enable_behavior' in fileset 'sim_1'...
INFO: [USF-XSim-97] Finding global include files...
INFO: [USF-XSim-98] Fetching design files from 'sim_1'...
INFO: [USF-XSim-2] XSim::Compile design
INFO: [USF-XSim-61] Executing 'COMPILE and ANALYZE' step in 'C:/Users/SET165-01U/Documents/GitHub/ENES247Kamran/lab6-ShiftRegisters/lab6_2_2/EightBitCounterDFF/EightBitCounterDFF.sim/sim_1/behav/xsim'
"xvlog --incr --relax -prj T_ff_D_ff_enable_behavior_vlog.prj"
INFO: [USF-XSim-69] 'compile' step finished in '1' seconds
INFO: [USF-XSim-3] XSim::Elaborate design
INFO: [USF-XSim-61] Executing 'ELABORATE' step in 'C:/Users/SET165-01U/Documents/GitHub/ENES247Kamran/lab6-ShiftRegisters/lab6_2_2/EightBitCounterDFF/EightBitCounterDFF.sim/sim_1/behav/xsim'
Vivado Simulator 2018.3
Copyright 1986-1999, 2001-2018 Xilinx, Inc. All Rights Reserved.
Running: C:/Xilinx/Vivado/2018.3/bin/unwrapped/win64.o/xelab.exe -wto bcb861d1e5f84e8eaa51558891d3b0e8 --incr --debug typical --relax --mt 2 -L xil_defaultlib -L unisims_ver -L unimacro_ver -L secureip --snapshot T_ff_D_ff_enable_behavior_behav xil_defaultlib.T_ff_D_ff_enable_behavior xil_defaultlib.glbl -log elaborate.log 
Using 2 slave threads.
Starting static elaboration
Completed static elaboration
INFO: [XSIM 43-4323] No Change in HDL. Linking previously generated obj files to create kernel
INFO: [USF-XSim-69] 'elaborate' step finished in '2' seconds
INFO: [USF-XSim-4] XSim::Simulate design
INFO: [USF-XSim-61] Executing 'SIMULATE' step in 'C:/Users/SET165-01U/Documents/GitHub/ENES247Kamran/lab6-ShiftRegisters/lab6_2_2/EightBitCounterDFF/EightBitCounterDFF.sim/sim_1/behav/xsim'
INFO: [USF-XSim-98] *** Running xsim
   with args "T_ff_D_ff_enable_behavior_behav -key {Behavioral:sim_1:Functional:T_ff_D_ff_enable_behavior} -tclbatch {T_ff_D_ff_enable_behavior.tcl} -log {simulate.log}"
INFO: [USF-XSim-8] Loading simulator feature
Vivado Simulator 2018.3
Time resolution is 1 ps
source T_ff_D_ff_enable_behavior.tcl
# set curr_wave [current_wave_config]
# if { [string length $curr_wave] == 0 } {
#   if { [llength [get_objects]] > 0} {
#     add_wave /
#     set_property needs_save false [current_wave_config]
#   } else {
#      send_msg_id Add_Wave-1 WARNING "No top level signals found. Simulator will start without a wave window. If you want to open a wave window go to 'File->New Waveform Configuration' or type 'create_wave_config' in the TCL console."
#   }
# }
# run 1000ns
INFO: [USF-XSim-96] XSim completed. Design snapshot 'T_ff_D_ff_enable_behavior_behav' loaded.
INFO: [USF-XSim-97] XSim simulation ran for 1000ns
reset_run synth_1
WARNING: [Vivado 12-1017] Problems encountered:
1. Failed to delete one or more files in run directory C:/Users/SET165-01U/Documents/GitHub/ENES247Kamran/lab6-ShiftRegisters/lab6_2_2/EightBitCounterDFF/EightBitCounterDFF.runs/synth_1

launch_runs synth_1 -jobs 4
[Mon Apr 29 18:03:32 2019] Launched synth_1...
Run output will be captured here: C:/Users/SET165-01U/Documents/GitHub/ENES247Kamran/lab6-ShiftRegisters/lab6_2_2/EightBitCounterDFF/EightBitCounterDFF.runs/synth_1/runme.log
launch_runs impl_1 -jobs 4
[Mon Apr 29 18:04:11 2019] Launched impl_1...
Run output will be captured here: C:/Users/SET165-01U/Documents/GitHub/ENES247Kamran/lab6-ShiftRegisters/lab6_2_2/EightBitCounterDFF/EightBitCounterDFF.runs/impl_1/runme.log
launch_runs impl_1 -to_step write_bitstream -jobs 4
[Mon Apr 29 18:06:39 2019] Launched impl_1...
Run output will be captured here: C:/Users/SET165-01U/Documents/GitHub/ENES247Kamran/lab6-ShiftRegisters/lab6_2_2/EightBitCounterDFF/EightBitCounterDFF.runs/impl_1/runme.log
open_hw
add_files -norecurse C:/Users/SET165-01U/Documents/GitHub/ENES247Kamran/lab6-ShiftRegisters/lab6_2_2/Eight_bit_counter_with_D_flop_behavior.v
update_compile_order -fileset sources_1
update_compile_order -fileset sources_1
reset_run synth_1
WARNING: [Vivado 12-1017] Problems encountered:
1. Failed to delete one or more files in run directory C:/Users/SET165-01U/Documents/GitHub/ENES247Kamran/lab6-ShiftRegisters/lab6_2_2/EightBitCounterDFF/EightBitCounterDFF.runs/synth_1

launch_runs synth_1 -jobs 4
[Mon Apr 29 18:11:57 2019] Launched synth_1...
Run output will be captured here: C:/Users/SET165-01U/Documents/GitHub/ENES247Kamran/lab6-ShiftRegisters/lab6_2_2/EightBitCounterDFF/EightBitCounterDFF.runs/synth_1/runme.log
launch_runs impl_1 -jobs 4
[Mon Apr 29 18:14:54 2019] Launched impl_1...
Run output will be captured here: C:/Users/SET165-01U/Documents/GitHub/ENES247Kamran/lab6-ShiftRegisters/lab6_2_2/EightBitCounterDFF/EightBitCounterDFF.runs/impl_1/runme.log
launch_runs impl_1 -to_step write_bitstream -jobs 4
[Mon Apr 29 18:16:55 2019] Launched impl_1...
Run output will be captured here: C:/Users/SET165-01U/Documents/GitHub/ENES247Kamran/lab6-ShiftRegisters/lab6_2_2/EightBitCounterDFF/EightBitCounterDFF.runs/impl_1/runme.log
connect_hw_server
INFO: [Labtools 27-2285] Connecting to hw_server url TCP:localhost:3121
INFO: [Labtools 27-2222] Launching hw_server...
INFO: [Labtools 27-2221] Launch Output:

****** Xilinx hw_server v2018.3
  **** Build date : Dec  7 2018-00:40:27
    ** Copyright 1986-2018 Xilinx, Inc. All Rights Reserved.


open_hw_target
INFO: [Labtoolstcl 44-466] Opening hw_target localhost:3121/xilinx_tcf/Digilent/210292A6EBD5A
set_property PROGRAM.FILE {C:/Users/SET165-01U/Documents/GitHub/ENES247Kamran/lab6-ShiftRegisters/lab6_2_2/EightBitCounterDFF/EightBitCounterDFF.runs/impl_1/Eight_bit_counter_with_D_flop_behave.bit} [get_hw_devices xc7a100t_0]
current_hw_device [get_hw_devices xc7a100t_0]
refresh_hw_device -update_hw_probes false [lindex [get_hw_devices xc7a100t_0] 0]
INFO: [Labtools 27-1434] Device xc7a100t (JTAG device index = 0) is programmed with a design that has no supported debug core(s) in it.
set_property PROBES.FILE {} [get_hw_devices xc7a100t_0]
set_property FULL_PROBES.FILE {} [get_hw_devices xc7a100t_0]
set_property PROGRAM.FILE {C:/Users/SET165-01U/Documents/GitHub/ENES247Kamran/lab6-ShiftRegisters/lab6_2_2/EightBitCounterDFF/EightBitCounterDFF.runs/impl_1/Eight_bit_counter_with_D_flop_behave.bit} [get_hw_devices xc7a100t_0]
program_hw_devices [get_hw_devices xc7a100t_0]
INFO: [Labtools 27-3164] End of startup status: HIGH
refresh_hw_device [lindex [get_hw_devices xc7a100t_0] 0]
INFO: [Labtools 27-1434] Device xc7a100t (JTAG device index = 0) is programmed with a design that has no supported debug core(s) in it.
close_sim
INFO: [Simtcl 6-16] Simulation closed
exit
INFO: [Common 17-206] Exiting Vivado at Mon Apr 29 18:31:58 2019...
