#-----------------------------------------------------------
# Vivado v2018.3 (64-bit)
# SW Build 2405991 on Thu Dec  6 23:38:27 MST 2018
# IP Build 2404404 on Fri Dec  7 01:43:56 MST 2018
# Start of session at: Wed Mar  6 21:59:00 2019
# Process ID: 2292
# Current directory: C:/Users/kamra/OneDrive/Documents/GitHub/ENES247Kamran/lab3-ReusableBCDhex7segDisplayCode/0Decoder/Lab3
# Command line: vivado.exe -gui_launcher_event rodinguilauncherevent12800 C:\Users\kamra\OneDrive\Documents\GitHub\ENES247Kamran\lab3-ReusableBCDhex7segDisplayCode\0Decoder\Lab3\Lab3.xpr
# Log file: C:/Users/kamra/OneDrive/Documents/GitHub/ENES247Kamran/lab3-ReusableBCDhex7segDisplayCode/0Decoder/Lab3/vivado.log
# Journal file: C:/Users/kamra/OneDrive/Documents/GitHub/ENES247Kamran/lab3-ReusableBCDhex7segDisplayCode/0Decoder/Lab3\vivado.jou
#-----------------------------------------------------------
start_gui
open_project C:/Users/kamra/OneDrive/Documents/GitHub/ENES247Kamran/lab3-ReusableBCDhex7segDisplayCode/0Decoder/Lab3/Lab3.xpr
INFO: [ProjectBase 1-489] The host OS only allows 260 characters in a normal path. The project is stored in a path with more than 80 characters. If you experience issues with IP, Block Designs, or files not being found, please consider moving the project to a location with a shorter path. Alternately consider using the OS subst command to map part of the path to a drive letter.
Current project path is 'C:/Users/kamra/OneDrive/Documents/GitHub/ENES247Kamran/lab3-ReusableBCDhex7segDisplayCode/0Decoder/Lab3'
INFO: [Project 1-313] Project file moved from 'C:/Users/SET253-12U.HCCMAIN/Documents/GitHub/ENES247Kamran/lab3-ReusableBCDhex7segDisplayCode/0Decoder/Lab3' since last save.
Scanning sources...
Finished scanning sources
WARNING: [filemgmt 56-2] IPUserFilesDir: Could not find the directory 'C:/Users/kamra/OneDrive/Documents/GitHub/ENES247Kamran/lab3-ReusableBCDhex7segDisplayCode/0Decoder/Lab3/Lab3.ip_user_files', nor could it be found using path 'C:/Users/SET253-12U.HCCMAIN/Documents/GitHub/ENES247Kamran/lab3-ReusableBCDhex7segDisplayCode/0Decoder/Lab3/Lab3.ip_user_files'.
CRITICAL WARNING: [Board 49-67] The board_part definition was not found for digilentinc.com:nexys4_ddr:part0:1.1. This can happen sometimes when you use custom board part. You can resolve this issue by setting 'board.repoPaths' parameter, pointing to the location of custom board files. Valid board_part values can be retrieved with the 'get_board_parts' Tcl command.
INFO: [IP_Flow 19-234] Refreshing IP repositories
INFO: [IP_Flow 19-1704] No user IP repositories specified
INFO: [IP_Flow 19-2313] Loaded Vivado IP repository 'D:/VivadoXilinx/Vivado/2018.3/data/ip'.
open_project: Time (s): cpu = 00:00:15 ; elapsed = 00:00:11 . Memory (MB): peak = 684.758 ; gain = 97.859
update_compile_order -fileset sources_1
exit
INFO: [Common 17-206] Exiting Vivado at Wed Mar  6 21:59:57 2019...
