#-----------------------------------------------------------
# Vivado v2018.3 (64-bit)
# SW Build 2405991 on Thu Dec  6 23:38:27 MST 2018
# IP Build 2404404 on Fri Dec  7 01:43:56 MST 2018
# Start of session at: Thu Jan 31 16:48:21 2019
# Process ID: 11096
# Current directory: C:/Users/SET253-11U/Documents/GitHub/ENES247Kamran/lab1-mux/lab1_3_mux2-1-1bitwide-reg
# Command line: vivado.exe -gui_launcher_event rodinguilauncherevent6368 C:\Users\SET253-11U\Documents\GitHub\ENES247Kamran\lab1-mux\lab1_3_mux2-1-1bitwide-reg\lab1_3_mux2-1-1bitwide-reg.xpr
# Log file: C:/Users/SET253-11U/Documents/GitHub/ENES247Kamran/lab1-mux/lab1_3_mux2-1-1bitwide-reg/vivado.log
# Journal file: C:/Users/SET253-11U/Documents/GitHub/ENES247Kamran/lab1-mux/lab1_3_mux2-1-1bitwide-reg\vivado.jou
#-----------------------------------------------------------
start_gui
open_project C:/Users/SET253-11U/Documents/GitHub/ENES247Kamran/lab1-mux/lab1_3_mux2-1-1bitwide-reg/lab1_3_mux2-1-1bitwide-reg.xpr
INFO: [ProjectBase 1-489] The host OS only allows 260 characters in a normal path. The project is stored in a path with more than 80 characters. If you experience issues with IP, Block Designs, or files not being found, please consider moving the project to a location with a shorter path. Alternately consider using the OS subst command to map part of the path to a drive letter.
Current project path is 'C:/Users/SET253-11U/Documents/GitHub/ENES247Kamran/lab1-mux/lab1_3_mux2-1-1bitwide-reg'
INFO: [Project 1-313] Project file moved from 'C:/Users/FoersterGame/Documents/GitHub/ENES247/lab1-mux/lab1_3_mux2-1-1bitwide-reg' since last save.
Scanning sources...
Finished scanning sources
WARNING: [filemgmt 56-2] IPUserFilesDir: Could not find the directory 'C:/Users/SET253-11U/Documents/GitHub/ENES247Kamran/lab1-mux/lab1_3_mux2-1-1bitwide-reg/lab1_3_mux2-1-1bitwide-reg.ip_user_files', nor could it be found using path 'C:/Users/FoersterGame/Documents/GitHub/ENES247/lab1-mux/lab1_3_mux2-1-1bitwide-reg/lab1_3_mux2-1-1bitwide-reg.ip_user_files'.
INFO: [IP_Flow 19-234] Refreshing IP repositories
INFO: [IP_Flow 19-1704] No user IP repositories specified
INFO: [IP_Flow 19-2313] Loaded Vivado IP repository 'C:/Xilinx/Vivado/2018.3/data/ip'.
open_project: Time (s): cpu = 00:00:13 ; elapsed = 00:00:06 . Memory (MB): peak = 741.227 ; gain = 136.215
update_compile_order -fileset sources_1
exit
INFO: [Common 17-206] Exiting Vivado at Thu Jan 31 16:50:23 2019...
