#-----------------------------------------------------------
# Vivado v2018.3 (64-bit)
# SW Build 2405991 on Thu Dec  6 23:38:27 MST 2018
# IP Build 2404404 on Fri Dec  7 01:43:56 MST 2018
# Start of session at: Thu Feb  7 12:55:35 2019
# Process ID: 4568
# Current directory: C:/Users/SET253-23U/Documents/GitHub/ENES247Kamran/lab1-mux/lab1_3_mux2-1-1bitwide-reg
# Command line: vivado.exe -gui_launcher_event rodinguilauncherevent8864 C:\Users\SET253-23U\Documents\GitHub\ENES247Kamran\lab1-mux\lab1_3_mux2-1-1bitwide-reg\lab1_3_mux2-1-1bitwide-reg.xpr
# Log file: C:/Users/SET253-23U/Documents/GitHub/ENES247Kamran/lab1-mux/lab1_3_mux2-1-1bitwide-reg/vivado.log
# Journal file: C:/Users/SET253-23U/Documents/GitHub/ENES247Kamran/lab1-mux/lab1_3_mux2-1-1bitwide-reg\vivado.jou
#-----------------------------------------------------------
start_gui
open_project C:/Users/SET253-23U/Documents/GitHub/ENES247Kamran/lab1-mux/lab1_3_mux2-1-1bitwide-reg/lab1_3_mux2-1-1bitwide-reg.xpr
INFO: [ProjectBase 1-489] The host OS only allows 260 characters in a normal path. The project is stored in a path with more than 80 characters. If you experience issues with IP, Block Designs, or files not being found, please consider moving the project to a location with a shorter path. Alternately consider using the OS subst command to map part of the path to a drive letter.
Current project path is 'C:/Users/SET253-23U/Documents/GitHub/ENES247Kamran/lab1-mux/lab1_3_mux2-1-1bitwide-reg'
INFO: [Project 1-313] Project file moved from 'C:/Users/FoersterGame/Documents/GitHub/ENES247/lab1-mux/lab1_3_mux2-1-1bitwide-reg' since last save.
Scanning sources...
Finished scanning sources
WARNING: [filemgmt 56-2] IPUserFilesDir: Could not find the directory 'C:/Users/SET253-23U/Documents/GitHub/ENES247Kamran/lab1-mux/lab1_3_mux2-1-1bitwide-reg/lab1_3_mux2-1-1bitwide-reg.ip_user_files', nor could it be found using path 'C:/Users/FoersterGame/Documents/GitHub/ENES247/lab1-mux/lab1_3_mux2-1-1bitwide-reg/lab1_3_mux2-1-1bitwide-reg.ip_user_files'.
INFO: [IP_Flow 19-234] Refreshing IP repositories
INFO: [IP_Flow 19-1704] No user IP repositories specified
INFO: [IP_Flow 19-2313] Loaded Vivado IP repository 'C:/Xilinx/Vivado/2018.3/data/ip'.
open_project: Time (s): cpu = 00:00:13 ; elapsed = 00:00:06 . Memory (MB): peak = 738.441 ; gain = 146.203
update_compile_order -fileset sources_1
reset_run synth_1
launch_runs synth_1 -jobs 4
[Thu Feb  7 12:56:11 2019] Launched synth_1...
Run output will be captured here: C:/Users/SET253-23U/Documents/GitHub/ENES247Kamran/lab1-mux/lab1_3_mux2-1-1bitwide-reg/lab1_3_mux2-1-1bitwide-reg.runs/synth_1/runme.log
launch_runs impl_1 -jobs 4
[Thu Feb  7 12:56:48 2019] Launched impl_1...
Run output will be captured here: C:/Users/SET253-23U/Documents/GitHub/ENES247Kamran/lab1-mux/lab1_3_mux2-1-1bitwide-reg/lab1_3_mux2-1-1bitwide-reg.runs/impl_1/runme.log
reset_run synth_1
launch_runs synth_1 -jobs 4
[Thu Feb  7 13:09:00 2019] Launched synth_1...
Run output will be captured here: C:/Users/SET253-23U/Documents/GitHub/ENES247Kamran/lab1-mux/lab1_3_mux2-1-1bitwide-reg/lab1_3_mux2-1-1bitwide-reg.runs/synth_1/runme.log
launch_runs impl_1 -jobs 4
[Thu Feb  7 13:11:54 2019] Launched impl_1...
Run output will be captured here: C:/Users/SET253-23U/Documents/GitHub/ENES247Kamran/lab1-mux/lab1_3_mux2-1-1bitwide-reg/lab1_3_mux2-1-1bitwide-reg.runs/impl_1/runme.log
launch_runs impl_1 -to_step write_bitstream -jobs 4
[Thu Feb  7 13:25:42 2019] Launched impl_1...
Run output will be captured here: C:/Users/SET253-23U/Documents/GitHub/ENES247Kamran/lab1-mux/lab1_3_mux2-1-1bitwide-reg/lab1_3_mux2-1-1bitwide-reg.runs/impl_1/runme.log
open_hw
connect_hw_server
INFO: [Labtools 27-2285] Connecting to hw_server url TCP:localhost:3121
open_hw_target
INFO: [Labtoolstcl 44-466] Opening hw_target localhost:3121/xilinx_tcf/Digilent/210292A6EBD5A
set_property PROGRAM.FILE {C:/Users/SET253-23U/Documents/GitHub/ENES247Kamran/lab1-mux/lab1_3_mux2-1-1bitwide-reg/lab1_3_mux2-1-1bitwide-reg.runs/impl_1/mux_2_to_1_behavior.bit} [get_hw_devices xc7a100t_0]
current_hw_device [get_hw_devices xc7a100t_0]
refresh_hw_device -update_hw_probes false [lindex [get_hw_devices xc7a100t_0] 0]
INFO: [Labtools 27-1434] Device xc7a100t (JTAG device index = 0) is programmed with a design that has no supported debug core(s) in it.
synth_design -rtl -name rtl_1
Command: synth_design -rtl -name rtl_1
Starting synth_design
Using part: xc7a100tcsg324-1
Top: mux_2_to_1_behavior
---------------------------------------------------------------------------------
Starting RTL Elaboration : Time (s): cpu = 00:00:02 ; elapsed = 00:00:02 . Memory (MB): peak = 1811.824 ; gain = 99.121
---------------------------------------------------------------------------------
INFO: [Synth 8-6157] synthesizing module 'mux_2_to_1_behavior' [C:/Users/SET253-23U/Documents/GitHub/ENES247Kamran/lab1-mux/lab1_3_mux2-1-1bitwide-reg/lab1_3_mux2-1-1bitwide-reg.srcs/sources_1/imports/lab1_3_mux2-1-1bitwide-reg/mux_2_to_1_behavior.v:6]
INFO: [Synth 8-6155] done synthesizing module 'mux_2_to_1_behavior' (1#1) [C:/Users/SET253-23U/Documents/GitHub/ENES247Kamran/lab1-mux/lab1_3_mux2-1-1bitwide-reg/lab1_3_mux2-1-1bitwide-reg.srcs/sources_1/imports/lab1_3_mux2-1-1bitwide-reg/mux_2_to_1_behavior.v:6]
---------------------------------------------------------------------------------
Finished RTL Elaboration : Time (s): cpu = 00:00:03 ; elapsed = 00:00:03 . Memory (MB): peak = 1849.582 ; gain = 136.879
---------------------------------------------------------------------------------

Report Check Netlist: 
+------+------------------+-------+---------+-------+------------------+
|      |Item              |Errors |Warnings |Status |Description       |
+------+------------------+-------+---------+-------+------------------+
|1     |multi_driven_nets |      0|        0|Passed |Multi driven nets |
+------+------------------+-------+---------+-------+------------------+
---------------------------------------------------------------------------------
Start Handling Custom Attributes
---------------------------------------------------------------------------------
---------------------------------------------------------------------------------
Finished Handling Custom Attributes : Time (s): cpu = 00:00:03 ; elapsed = 00:00:03 . Memory (MB): peak = 1849.582 ; gain = 136.879
---------------------------------------------------------------------------------
---------------------------------------------------------------------------------
Finished RTL Optimization Phase 1 : Time (s): cpu = 00:00:03 ; elapsed = 00:00:03 . Memory (MB): peak = 1849.582 ; gain = 136.879
---------------------------------------------------------------------------------
INFO: [Device 21-403] Loading part xc7a100tcsg324-1
INFO: [Project 1-570] Preparing netlist for logic optimization

Processing XDC Constraints
Initializing timing engine
Parsing XDC File [C:/Users/SET253-23U/Documents/GitHub/ENES247Kamran/lab1-mux/lab1_3_mux2-1-1bitwide-reg/lab1_3_mux2-1-1bitwide-reg.srcs/constrs_1/imports/lab1_3_mux2-1-1bitwide-reg/Nexys4DDR_Master.xdc]
Finished Parsing XDC File [C:/Users/SET253-23U/Documents/GitHub/ENES247Kamran/lab1-mux/lab1_3_mux2-1-1bitwide-reg/lab1_3_mux2-1-1bitwide-reg.srcs/constrs_1/imports/lab1_3_mux2-1-1bitwide-reg/Nexys4DDR_Master.xdc]
Completed Processing XDC Constraints

INFO: [Opt 31-138] Pushed 0 inverter(s) to 0 load pin(s).
Netlist sorting complete. Time (s): cpu = 00:00:00 ; elapsed = 00:00:00.001 . Memory (MB): peak = 2103.156 ; gain = 0.000
INFO: [Project 1-111] Unisim Transformation Summary:
No Unisim elements were transformed.

RTL Elaboration Complete:  : Time (s): cpu = 00:00:22 ; elapsed = 00:00:22 . Memory (MB): peak = 2206.641 ; gain = 493.938
6 Infos, 0 Warnings, 0 Critical Warnings and 0 Errors encountered.
synth_design completed successfully
synth_design: Time (s): cpu = 00:00:22 ; elapsed = 00:00:22 . Memory (MB): peak = 2206.641 ; gain = 493.957
set_property PROBES.FILE {} [get_hw_devices xc7a100t_0]
set_property FULL_PROBES.FILE {} [get_hw_devices xc7a100t_0]
set_property PROGRAM.FILE {C:/Users/SET253-23U/Documents/GitHub/ENES247Kamran/lab1-mux/lab1_3_mux2-1-1bitwide-reg/lab1_3_mux2-1-1bitwide-reg.runs/impl_1/mux_2_to_1_behavior.bit} [get_hw_devices xc7a100t_0]
program_hw_devices [get_hw_devices xc7a100t_0]
INFO: [Labtools 27-3164] End of startup status: HIGH
refresh_hw_device [lindex [get_hw_devices xc7a100t_0] 0]
INFO: [Labtools 27-1434] Device xc7a100t (JTAG device index = 0) is programmed with a design that has no supported debug core(s) in it.
set_property PROBES.FILE {} [get_hw_devices xc7a100t_0]
set_property FULL_PROBES.FILE {} [get_hw_devices xc7a100t_0]
set_property PROGRAM.FILE {C:/Users/SET253-23U/Documents/GitHub/ENES247Kamran/lab1-mux/lab1_3_mux2-1-1bitwide-reg/lab1_3_mux2-1-1bitwide-reg.runs/impl_1/mux_2_to_1_behavior.bit} [get_hw_devices xc7a100t_0]
program_hw_devices [get_hw_devices xc7a100t_0]
INFO: [Labtools 27-3164] End of startup status: HIGH
refresh_hw_device [lindex [get_hw_devices xc7a100t_0] 0]
INFO: [Labtools 27-1434] Device xc7a100t (JTAG device index = 0) is programmed with a design that has no supported debug core(s) in it.
exit
INFO: [Common 17-206] Exiting Vivado at Thu Feb  7 14:43:38 2019...
