#-----------------------------------------------------------
# Vivado v2018.3 (64-bit)
# SW Build 2405991 on Thu Dec  6 23:38:27 MST 2018
# IP Build 2404404 on Fri Dec  7 01:43:56 MST 2018
# Start of session at: Thu Apr  4 14:48:04 2019
# Process ID: 9872
# Current directory: C:/Users/SET253-07U.HCCMAIN/Documents/GitHub/ENES247Kamran/lab5-Latches_FlipFlops/lab5_2_1/Lab5201
# Command line: vivado.exe -gui_launcher_event rodinguilauncherevent8716 C:\Users\SET253-07U.HCCMAIN\Documents\GitHub\ENES247Kamran\lab5-Latches_FlipFlops\lab5_2_1\Lab5201\Lab5201.xpr
# Log file: C:/Users/SET253-07U.HCCMAIN/Documents/GitHub/ENES247Kamran/lab5-Latches_FlipFlops/lab5_2_1/Lab5201/vivado.log
# Journal file: C:/Users/SET253-07U.HCCMAIN/Documents/GitHub/ENES247Kamran/lab5-Latches_FlipFlops/lab5_2_1/Lab5201\vivado.jou
#-----------------------------------------------------------
start_gui
open_project C:/Users/SET253-07U.HCCMAIN/Documents/GitHub/ENES247Kamran/lab5-Latches_FlipFlops/lab5_2_1/Lab5201/Lab5201.xpr
INFO: [ProjectBase 1-489] The host OS only allows 260 characters in a normal path. The project is stored in a path with more than 80 characters. If you experience issues with IP, Block Designs, or files not being found, please consider moving the project to a location with a shorter path. Alternately consider using the OS subst command to map part of the path to a drive letter.
Current project path is 'C:/Users/SET253-07U.HCCMAIN/Documents/GitHub/ENES247Kamran/lab5-Latches_FlipFlops/lab5_2_1/Lab5201'
Scanning sources...
Finished scanning sources
INFO: [IP_Flow 19-234] Refreshing IP repositories
INFO: [IP_Flow 19-1704] No user IP repositories specified
INFO: [IP_Flow 19-2313] Loaded Vivado IP repository 'C:/Xilinx/Vivado/2018.3/data/ip'.
open_project: Time (s): cpu = 00:00:12 ; elapsed = 00:00:06 . Memory (MB): peak = 716.898 ; gain = 119.285
update_compile_order -fileset sources_1
launch_simulation
INFO: [Vivado 12-5682] Launching behavioral simulation in 'C:/Users/SET253-07U.HCCMAIN/Documents/GitHub/ENES247Kamran/lab5-Latches_FlipFlops/lab5_2_1/Lab5201/Lab5201.sim/sim_1/behav/xsim'
INFO: [SIM-utils-51] Simulation object is 'sim_1'
INFO: [SIM-utils-54] Inspecting design source files for 'D_ff_behavior_tb' in fileset 'sim_1'...
INFO: [USF-XSim-97] Finding global include files...
INFO: [USF-XSim-98] Fetching design files from 'sim_1'...
INFO: [USF-XSim-2] XSim::Compile design
INFO: [USF-XSim-61] Executing 'COMPILE and ANALYZE' step in 'C:/Users/SET253-07U.HCCMAIN/Documents/GitHub/ENES247Kamran/lab5-Latches_FlipFlops/lab5_2_1/Lab5201/Lab5201.sim/sim_1/behav/xsim'
"xvlog --incr --relax -prj D_ff_behavior_tb_vlog.prj"
INFO: [VRFC 10-2263] Analyzing Verilog file "C:/Users/SET253-07U.HCCMAIN/Documents/GitHub/ENES247Kamran/lab5-Latches_FlipFlops/lab5_2_1/D_ff_behavior.v" into library xil_defaultlib
INFO: [VRFC 10-311] analyzing module D_ff_behavior
INFO: [VRFC 10-2263] Analyzing Verilog file "C:/Users/SET253-07U.HCCMAIN/Documents/GitHub/ENES247Kamran/lab5-Latches_FlipFlops/lab5_2_1/D_ff_behavior_tb.v" into library xil_defaultlib
INFO: [VRFC 10-311] analyzing module D_ff_behavior_tb
INFO: [VRFC 10-2263] Analyzing Verilog file "C:/Users/SET253-07U.HCCMAIN/Documents/GitHub/ENES247Kamran/lab5-Latches_FlipFlops/lab5_2_1/Lab5201/Lab5201.sim/sim_1/behav/xsim/glbl.v" into library xil_defaultlib
INFO: [VRFC 10-311] analyzing module glbl
INFO: [USF-XSim-69] 'compile' step finished in '2' seconds
INFO: [USF-XSim-3] XSim::Elaborate design
INFO: [USF-XSim-61] Executing 'ELABORATE' step in 'C:/Users/SET253-07U.HCCMAIN/Documents/GitHub/ENES247Kamran/lab5-Latches_FlipFlops/lab5_2_1/Lab5201/Lab5201.sim/sim_1/behav/xsim'
Vivado Simulator 2018.3
Copyright 1986-1999, 2001-2018 Xilinx, Inc. All Rights Reserved.
Running: C:/Xilinx/Vivado/2018.3/bin/unwrapped/win64.o/xelab.exe -wto 353a3905d9b148588788dcc9c6f84c7c --incr --debug typical --relax --mt 2 -L xil_defaultlib -L unisims_ver -L unimacro_ver -L secureip --snapshot D_ff_behavior_tb_behav xil_defaultlib.D_ff_behavior_tb xil_defaultlib.glbl -log elaborate.log 
Using 2 slave threads.
Starting static elaboration
Completed static elaboration
Starting simulation data flow analysis
Completed simulation data flow analysis
Time Resolution for simulation is 1ps
Compiling module xil_defaultlib.D_ff_behavior
Compiling module xil_defaultlib.D_ff_behavior_tb
Compiling module xil_defaultlib.glbl
Built simulation snapshot D_ff_behavior_tb_behav

****** Webtalk v2018.3 (64-bit)
  **** SW Build 2405991 on Thu Dec  6 23:38:27 MST 2018
  **** IP Build 2404404 on Fri Dec  7 01:43:56 MST 2018
    ** Copyright 1986-2018 Xilinx, Inc. All Rights Reserved.

source C:/Users/SET253-07U.HCCMAIN/Documents/GitHub/ENES247Kamran/lab5-Latches_FlipFlops/lab5_2_1/Lab5201/Lab5201.sim/sim_1/behav/xsim/xsim.dir/D_ff_behavior_tb_behav/webtalk/xsim_webtalk.tcl -notrace
INFO: [Common 17-206] Exiting Webtalk at Thu Apr  4 14:49:15 2019...
INFO: [USF-XSim-69] 'elaborate' step finished in '4' seconds
INFO: [USF-XSim-4] XSim::Simulate design
INFO: [USF-XSim-61] Executing 'SIMULATE' step in 'C:/Users/SET253-07U.HCCMAIN/Documents/GitHub/ENES247Kamran/lab5-Latches_FlipFlops/lab5_2_1/Lab5201/Lab5201.sim/sim_1/behav/xsim'
INFO: [USF-XSim-98] *** Running xsim
   with args "D_ff_behavior_tb_behav -key {Behavioral:sim_1:Functional:D_ff_behavior_tb} -tclbatch {D_ff_behavior_tb.tcl} -log {simulate.log}"
INFO: [USF-XSim-8] Loading simulator feature
Vivado Simulator 2018.3
Time resolution is 1 ps
source D_ff_behavior_tb.tcl
# set curr_wave [current_wave_config]
# if { [string length $curr_wave] == 0 } {
#   if { [llength [get_objects]] > 0} {
#     add_wave /
#     set_property needs_save false [current_wave_config]
#   } else {
#      send_msg_id Add_Wave-1 WARNING "No top level signals found. Simulator will start without a wave window. If you want to open a wave window go to 'File->New Waveform Configuration' or type 'create_wave_config' in the TCL console."
#   }
# }
# run 1000ns
INFO: [USF-XSim-96] XSim completed. Design snapshot 'D_ff_behavior_tb_behav' loaded.
INFO: [USF-XSim-97] XSim simulation ran for 1000ns
launch_simulation: Time (s): cpu = 00:00:08 ; elapsed = 00:00:10 . Memory (MB): peak = 819.133 ; gain = 0.000
close_sim
INFO: [Simtcl 6-16] Simulation closed
exit
INFO: [Common 17-206] Exiting Vivado at Thu Apr  4 14:57:03 2019...
