#-----------------------------------------------------------
# Vivado v2018.3 (64-bit)
# SW Build 2405991 on Thu Dec  6 23:38:27 MST 2018
# IP Build 2404404 on Fri Dec  7 01:43:56 MST 2018
# Start of session at: Sun Feb 10 17:50:31 2019
# Process ID: 2100
# Current directory: C:/Users/kamra/OneDrive/Documents/GitHub/ENES247Kamran/lab2-7segDisplayofAdders/lab2_4_ThreeBitAdder
# Command line: vivado.exe -gui_launcher_event rodinguilauncherevent21984 C:\Users\kamra\OneDrive\Documents\GitHub\ENES247Kamran\lab2-7segDisplayofAdders\lab2_4_ThreeBitAdder\lab2_4_ThreeBitAdder.xpr
# Log file: C:/Users/kamra/OneDrive/Documents/GitHub/ENES247Kamran/lab2-7segDisplayofAdders/lab2_4_ThreeBitAdder/vivado.log
# Journal file: C:/Users/kamra/OneDrive/Documents/GitHub/ENES247Kamran/lab2-7segDisplayofAdders/lab2_4_ThreeBitAdder\vivado.jou
#-----------------------------------------------------------
start_gui
open_project C:/Users/kamra/OneDrive/Documents/GitHub/ENES247Kamran/lab2-7segDisplayofAdders/lab2_4_ThreeBitAdder/lab2_4_ThreeBitAdder.xpr
INFO: [ProjectBase 1-489] The host OS only allows 260 characters in a normal path. The project is stored in a path with more than 80 characters. If you experience issues with IP, Block Designs, or files not being found, please consider moving the project to a location with a shorter path. Alternately consider using the OS subst command to map part of the path to a drive letter.
Current project path is 'C:/Users/kamra/OneDrive/Documents/GitHub/ENES247Kamran/lab2-7segDisplayofAdders/lab2_4_ThreeBitAdder'
INFO: [Project 1-313] Project file moved from 'C:/Users/SET253-24U.HCCMAIN/Documents/GitHub/ENES247Kamran/lab2-7segDisplayofAdders/lab2_4_ThreeBitAdder' since last save.
Scanning sources...
Finished scanning sources
WARNING: [filemgmt 56-2] IPUserFilesDir: Could not find the directory 'C:/Users/kamra/OneDrive/Documents/GitHub/ENES247Kamran/lab2-7segDisplayofAdders/lab2_4_ThreeBitAdder/lab2_4_ThreeBitAdder.ip_user_files', nor could it be found using path 'C:/Users/SET253-24U.HCCMAIN/Documents/GitHub/ENES247Kamran/lab2-7segDisplayofAdders/lab2_4_ThreeBitAdder/lab2_4_ThreeBitAdder.ip_user_files'.
CRITICAL WARNING: [Board 49-67] The board_part definition was not found for digilentinc.com:nexys4_ddr:part0:1.1. This can happen sometimes when you use custom board part. You can resolve this issue by setting 'board.repoPaths' parameter, pointing to the location of custom board files. Valid board_part values can be retrieved with the 'get_board_parts' Tcl command.
INFO: [IP_Flow 19-234] Refreshing IP repositories
INFO: [IP_Flow 19-1704] No user IP repositories specified
INFO: [IP_Flow 19-2313] Loaded Vivado IP repository 'D:/VivadoXilinx/Vivado/2018.3/data/ip'.
open_project: Time (s): cpu = 00:00:13 ; elapsed = 00:00:05 . Memory (MB): peak = 734.121 ; gain = 115.332
update_compile_order -fileset sources_1
reset_run synth_1
launch_runs synth_1 -jobs 12
[Sun Feb 10 17:50:53 2019] Launched synth_1...
Run output will be captured here: C:/Users/kamra/OneDrive/Documents/GitHub/ENES247Kamran/lab2-7segDisplayofAdders/lab2_4_ThreeBitAdder/lab2_4_ThreeBitAdder.runs/synth_1/runme.log
launch_runs impl_1 -jobs 12
[Sun Feb 10 17:54:32 2019] Launched impl_1...
Run output will be captured here: C:/Users/kamra/OneDrive/Documents/GitHub/ENES247Kamran/lab2-7segDisplayofAdders/lab2_4_ThreeBitAdder/lab2_4_ThreeBitAdder.runs/impl_1/runme.log
exit
INFO: [Common 17-206] Exiting Vivado at Sun Feb 10 19:17:40 2019...
