#-----------------------------------------------------------
# Vivado v2018.3 (64-bit)
# SW Build 2405991 on Thu Dec  6 23:38:27 MST 2018
# IP Build 2404404 on Fri Dec  7 01:43:56 MST 2018
# Start of session at: Thu Feb  7 15:52:19 2019
# Process ID: 9380
# Current directory: C:/Users/SET253-24U.HCCMAIN/Documents/GitHub/ENES247Kamran/lab2-7segDisplayofAdders/Lab2_1_bcdTo7segment
# Command line: vivado.exe -gui_launcher_event rodinguilauncherevent1068 C:\Users\SET253-24U.HCCMAIN\Documents\GitHub\ENES247Kamran\lab2-7segDisplayofAdders\Lab2_1_bcdTo7segment\Lab2_1bcdTo7segmentDisplay.xpr
# Log file: C:/Users/SET253-24U.HCCMAIN/Documents/GitHub/ENES247Kamran/lab2-7segDisplayofAdders/Lab2_1_bcdTo7segment/vivado.log
# Journal file: C:/Users/SET253-24U.HCCMAIN/Documents/GitHub/ENES247Kamran/lab2-7segDisplayofAdders/Lab2_1_bcdTo7segment\vivado.jou
#-----------------------------------------------------------
start_gui
open_project C:/Users/SET253-24U.HCCMAIN/Documents/GitHub/ENES247Kamran/lab2-7segDisplayofAdders/Lab2_1_bcdTo7segment/Lab2_1bcdTo7segmentDisplay.xpr
INFO: [ProjectBase 1-489] The host OS only allows 260 characters in a normal path. The project is stored in a path with more than 80 characters. If you experience issues with IP, Block Designs, or files not being found, please consider moving the project to a location with a shorter path. Alternately consider using the OS subst command to map part of the path to a drive letter.
Current project path is 'C:/Users/SET253-24U.HCCMAIN/Documents/GitHub/ENES247Kamran/lab2-7segDisplayofAdders/Lab2_1_bcdTo7segment'
INFO: [Project 1-313] Project file moved from 'C:/Users/Scott Foerster/Documents/GitHub/ENES247/lab2-7segDisplayofAdders/Lab2_1_bcdTo7segment' since last save.
Scanning sources...
Finished scanning sources
WARNING: [filemgmt 56-2] IPUserFilesDir: Could not find the directory 'C:/Users/SET253-24U.HCCMAIN/Documents/GitHub/ENES247Kamran/lab2-7segDisplayofAdders/Lab2_1_bcdTo7segment/Lab2_1bcdTo7segmentDisplay.ip_user_files', nor could it be found using path 'C:/Users/Scott Foerster/Documents/GitHub/ENES247/lab2-7segDisplayofAdders/Lab2_1_bcdTo7segment/Lab2_1bcdTo7segmentDisplay.ip_user_files'.
INFO: [IP_Flow 19-234] Refreshing IP repositories
INFO: [IP_Flow 19-1704] No user IP repositories specified
INFO: [IP_Flow 19-2313] Loaded Vivado IP repository 'C:/Xilinx/Vivado/2018.3/data/ip'.
open_project: Time (s): cpu = 00:00:13 ; elapsed = 00:00:06 . Memory (MB): peak = 1026.984 ; gain = 192.887
update_compile_order -fileset sources_1
reset_run synth_1
launch_runs synth_1 -jobs 4
[Thu Feb  7 15:54:02 2019] Launched synth_1...
Run output will be captured here: C:/Users/SET253-24U.HCCMAIN/Documents/GitHub/ENES247Kamran/lab2-7segDisplayofAdders/Lab2_1_bcdTo7segment/Lab2_1bcdTo7segmentDisplay.runs/synth_1/runme.log
launch_runs impl_1 -jobs 4
[Thu Feb  7 15:54:58 2019] Launched impl_1...
Run output will be captured here: C:/Users/SET253-24U.HCCMAIN/Documents/GitHub/ENES247Kamran/lab2-7segDisplayofAdders/Lab2_1_bcdTo7segment/Lab2_1bcdTo7segmentDisplay.runs/impl_1/runme.log
launch_runs impl_1 -to_step write_bitstream -jobs 4
[Thu Feb  7 15:56:25 2019] Launched impl_1...
Run output will be captured here: C:/Users/SET253-24U.HCCMAIN/Documents/GitHub/ENES247Kamran/lab2-7segDisplayofAdders/Lab2_1_bcdTo7segment/Lab2_1bcdTo7segmentDisplay.runs/impl_1/runme.log
open_hw
connect_hw_server
INFO: [Labtools 27-2285] Connecting to hw_server url TCP:localhost:3121
open_hw_target
INFO: [Labtoolstcl 44-466] Opening hw_target localhost:3121/xilinx_tcf/Digilent/210292A6EBD5A
set_property PROGRAM.FILE {C:/Users/SET253-24U.HCCMAIN/Documents/GitHub/ENES247Kamran/lab2-7segDisplayofAdders/Lab2_1_bcdTo7segment/Lab2_1bcdTo7segmentDisplay.runs/impl_1/bcdto7segment_dataflow.bit} [get_hw_devices xc7a100t_0]
current_hw_device [get_hw_devices xc7a100t_0]
refresh_hw_device -update_hw_probes false [lindex [get_hw_devices xc7a100t_0] 0]
INFO: [Labtools 27-1434] Device xc7a100t (JTAG device index = 0) is programmed with a design that has no supported debug core(s) in it.
set_property PROBES.FILE {} [get_hw_devices xc7a100t_0]
set_property FULL_PROBES.FILE {} [get_hw_devices xc7a100t_0]
set_property PROGRAM.FILE {C:/Users/SET253-24U.HCCMAIN/Documents/GitHub/ENES247Kamran/lab2-7segDisplayofAdders/Lab2_1_bcdTo7segment/Lab2_1bcdTo7segmentDisplay.runs/impl_1/bcdto7segment_dataflow.bit} [get_hw_devices xc7a100t_0]
program_hw_devices [get_hw_devices xc7a100t_0]
INFO: [Labtools 27-3164] End of startup status: HIGH
refresh_hw_device [lindex [get_hw_devices xc7a100t_0] 0]
INFO: [Labtools 27-1434] Device xc7a100t (JTAG device index = 0) is programmed with a design that has no supported debug core(s) in it.
open_run synth_1 -name synth_1
Design is defaulting to impl run constrset: constrs_1
Design is defaulting to synth run part: xc7a100tcsg324-1
INFO: [Project 1-479] Netlist was created with Vivado 2018.3
INFO: [Device 21-403] Loading part xc7a100tcsg324-1
INFO: [Project 1-570] Preparing netlist for logic optimization
Parsing XDC File [C:/Users/SET253-24U.HCCMAIN/Documents/GitHub/ENES247Kamran/lab2-7segDisplayofAdders/Lab2_1_bcdTo7segment/Lab2_1bcdTo7segmentDisplay.srcs/constrs_1/imports/Lab2_0Constants/Nexys4DDR_Master.xdc]
Finished Parsing XDC File [C:/Users/SET253-24U.HCCMAIN/Documents/GitHub/ENES247Kamran/lab2-7segDisplayofAdders/Lab2_1_bcdTo7segment/Lab2_1bcdTo7segmentDisplay.srcs/constrs_1/imports/Lab2_0Constants/Nexys4DDR_Master.xdc]
INFO: [Opt 31-138] Pushed 0 inverter(s) to 0 load pin(s).
Netlist sorting complete. Time (s): cpu = 00:00:00 ; elapsed = 00:00:00 . Memory (MB): peak = 1995.531 ; gain = 0.000
INFO: [Project 1-111] Unisim Transformation Summary:
No Unisim elements were transformed.

open_run: Time (s): cpu = 00:00:19 ; elapsed = 00:00:17 . Memory (MB): peak = 2114.375 ; gain = 400.859
close_design
open_run impl_1
INFO: [Project 1-479] Netlist was created with Vivado 2018.3
INFO: [Project 1-570] Preparing netlist for logic optimization
INFO: [Timing 38-478] Restoring timing data from binary archive.
INFO: [Timing 38-479] Binary timing data restore complete.
INFO: [Project 1-856] Restoring constraints from binary archive.
INFO: [Project 1-853] Binary constraint restore complete.
Reading XDEF placement.
Reading placer database...
Reading XDEF routing.
Read XDEF File: Time (s): cpu = 00:00:00 ; elapsed = 00:00:00.044 . Memory (MB): peak = 2622.121 ; gain = 0.000
Restored from archive | CPU: 0.000000 secs | Memory: 0.000000 MB |
Finished XDEF File Restore: Time (s): cpu = 00:00:00 ; elapsed = 00:00:00.044 . Memory (MB): peak = 2622.121 ; gain = 0.000
Netlist sorting complete. Time (s): cpu = 00:00:00 ; elapsed = 00:00:00 . Memory (MB): peak = 2622.121 ; gain = 0.000
INFO: [Project 1-111] Unisim Transformation Summary:
No Unisim elements were transformed.

WARNING: [Timing 38-313] There are no user specified timing constraints. Timing constraints are needed for proper timing analysis.
exit
INFO: [Common 17-206] Exiting Vivado at Thu Feb  7 16:13:38 2019...
